[2024-06-02T23:22:45.834+0000] {local_task_job_runner.py:120} INFO - ::group::Pre task execution logs
[2024-06-02T23:22:46.602+0000] {taskinstance.py:2076} INFO - Dependencies all met for dep_context=non-requeueable deps ti=<TaskInstance: AAAA.task_2 manual__2024-06-02T23:14:27.946746+00:00 [queued]>
[2024-06-02T23:22:47.096+0000] {taskinstance.py:2076} INFO - Dependencies all met for dep_context=requeueable deps ti=<TaskInstance: AAAA.task_2 manual__2024-06-02T23:14:27.946746+00:00 [queued]>
[2024-06-02T23:22:47.328+0000] {taskinstance.py:2306} INFO - Starting attempt 1 of 2
[2024-06-02T23:22:47.746+0000] {taskinstance.py:2330} INFO - Executing <Task(BashOperator): task_2> on 2024-06-02 23:14:27.946746+00:00
[2024-06-02T23:22:47.828+0000] {warnings.py:110} WARNING - /home/***/.local/lib/python3.12/site-packages/***/task/task_runner/standard_task_runner.py:61: DeprecationWarning: This process (pid=908) is multi-threaded, use of fork() may lead to deadlocks in the child.
  pid = os.fork()

[2024-06-02T23:22:47.861+0000] {standard_task_runner.py:63} INFO - Started process 921 to run task
[2024-06-02T23:22:47.909+0000] {standard_task_runner.py:90} INFO - Running: ['***', 'tasks', 'run', 'AAAA', 'task_2', 'manual__2024-06-02T23:14:27.946746+00:00', '--job-id', '5', '--raw', '--subdir', 'DAGS_FOLDER/etl.py', '--cfg-path', '/tmp/tmp_vtith8x']
[2024-06-02T23:22:47.938+0000] {standard_task_runner.py:91} INFO - Job 5: Subtask task_2
[2024-06-02T23:22:49.479+0000] {task_command.py:426} INFO - Running <TaskInstance: AAAA.task_2 manual__2024-06-02T23:14:27.946746+00:00 [running]> on host 04e4a1635eef
[2024-06-02T23:22:51.068+0000] {taskinstance.py:2648} INFO - Exporting env vars: AIRFLOW_CTX_DAG_OWNER='AAAA' AIRFLOW_CTX_DAG_ID='AAAA' AIRFLOW_CTX_TASK_ID='task_2' AIRFLOW_CTX_EXECUTION_DATE='2024-06-02T23:14:27.946746+00:00' AIRFLOW_CTX_TRY_NUMBER='1' AIRFLOW_CTX_DAG_RUN_ID='manual__2024-06-02T23:14:27.946746+00:00'
[2024-06-02T23:22:51.128+0000] {taskinstance.py:430} INFO - ::endgroup::
[2024-06-02T23:22:51.153+0000] {subprocess.py:63} INFO - Tmp dir root location: /tmp
[2024-06-02T23:22:51.167+0000] {subprocess.py:75} INFO - Running command: ['/usr/bin/bash', '-c', 'echo wwwwww']
[2024-06-02T23:22:51.316+0000] {subprocess.py:86} INFO - Output:
[2024-06-02T23:22:51.360+0000] {subprocess.py:93} INFO - wwwwww
[2024-06-02T23:22:51.409+0000] {subprocess.py:97} INFO - Command exited with return code 0
[2024-06-02T23:22:51.417+0000] {taskinstance.py:441} INFO - ::group::Post task execution logs
[2024-06-02T23:22:51.885+0000] {taskinstance.py:1206} INFO - Marking task as SUCCESS. dag_id=AAAA, task_id=task_2, run_id=manual__2024-06-02T23:14:27.946746+00:00, execution_date=20240602T231427, start_date=20240602T232246, end_date=20240602T232251
[2024-06-02T23:22:52.253+0000] {local_task_job_runner.py:240} INFO - Task exited with return code 0
[2024-06-02T23:22:52.613+0000] {taskinstance.py:3498} INFO - 0 downstream tasks scheduled from follow-on schedule check
[2024-06-02T23:22:52.694+0000] {local_task_job_runner.py:222} INFO - ::endgroup::
