[2024-06-02T23:04:53.798+0000] {processor.py:161} INFO - Started process (PID=6510) to work on /opt/airflow/dags/etl.py
[2024-06-02T23:04:53.831+0000] {processor.py:830} INFO - Processing file /opt/airflow/dags/etl.py for tasks to queue
[2024-06-02T23:04:53.847+0000] {logging_mixin.py:188} INFO - [2024-06-02T23:04:53.846+0000] {dagbag.py:545} INFO - Filling up the DagBag from /opt/airflow/dags/etl.py
[2024-06-02T23:05:05.950+0000] {processor.py:840} INFO - DAG(s) 'AAAA' retrieved from /opt/airflow/dags/etl.py
[2024-06-02T23:05:07.787+0000] {logging_mixin.py:188} INFO - [2024-06-02T23:05:07.785+0000] {override.py:1829} INFO - Created Permission View: can edit on DAG:AAAA
[2024-06-02T23:05:07.888+0000] {logging_mixin.py:188} INFO - [2024-06-02T23:05:07.887+0000] {override.py:1829} INFO - Created Permission View: can read on DAG:AAAA
[2024-06-02T23:05:07.949+0000] {logging_mixin.py:188} INFO - [2024-06-02T23:05:07.949+0000] {override.py:1829} INFO - Created Permission View: can delete on DAG:AAAA
[2024-06-02T23:05:07.959+0000] {logging_mixin.py:188} INFO - [2024-06-02T23:05:07.958+0000] {dag.py:3096} INFO - Sync 1 DAGs
[2024-06-02T23:05:08.107+0000] {logging_mixin.py:188} INFO - [2024-06-02T23:05:08.094+0000] {dag.py:3118} INFO - Creating ORM DAG for AAAA
[2024-06-02T23:05:08.110+0000] {logging_mixin.py:188} INFO - [2024-06-02T23:05:08.109+0000] {dag.py:3954} INFO - Setting next_dagrun for AAAA to None, run_after=None
[2024-06-02T23:05:08.790+0000] {processor.py:183} INFO - Processing /opt/airflow/dags/etl.py took 15.078 seconds
[2024-06-02T23:05:39.255+0000] {processor.py:161} INFO - Started process (PID=6580) to work on /opt/airflow/dags/etl.py
[2024-06-02T23:05:39.263+0000] {processor.py:830} INFO - Processing file /opt/airflow/dags/etl.py for tasks to queue
[2024-06-02T23:05:39.266+0000] {logging_mixin.py:188} INFO - [2024-06-02T23:05:39.265+0000] {dagbag.py:545} INFO - Filling up the DagBag from /opt/airflow/dags/etl.py
[2024-06-02T23:05:39.355+0000] {processor.py:840} INFO - DAG(s) 'AAAA' retrieved from /opt/airflow/dags/etl.py
[2024-06-02T23:05:39.464+0000] {logging_mixin.py:188} INFO - [2024-06-02T23:05:39.463+0000] {dag.py:3096} INFO - Sync 1 DAGs
[2024-06-02T23:05:39.566+0000] {logging_mixin.py:188} INFO - [2024-06-02T23:05:39.566+0000] {dag.py:3954} INFO - Setting next_dagrun for AAAA to None, run_after=None
[2024-06-02T23:05:39.843+0000] {processor.py:183} INFO - Processing /opt/airflow/dags/etl.py took 0.625 seconds
[2024-06-02T23:06:11.159+0000] {processor.py:161} INFO - Started process (PID=6638) to work on /opt/airflow/dags/etl.py
[2024-06-02T23:06:11.176+0000] {processor.py:830} INFO - Processing file /opt/airflow/dags/etl.py for tasks to queue
[2024-06-02T23:06:11.180+0000] {logging_mixin.py:188} INFO - [2024-06-02T23:06:11.179+0000] {dagbag.py:545} INFO - Filling up the DagBag from /opt/airflow/dags/etl.py
[2024-06-02T23:06:11.235+0000] {processor.py:840} INFO - DAG(s) 'AAAA' retrieved from /opt/airflow/dags/etl.py
[2024-06-02T23:06:11.406+0000] {logging_mixin.py:188} INFO - [2024-06-02T23:06:11.406+0000] {dag.py:3096} INFO - Sync 1 DAGs
[2024-06-02T23:06:11.582+0000] {logging_mixin.py:188} INFO - [2024-06-02T23:06:11.582+0000] {dag.py:3954} INFO - Setting next_dagrun for AAAA to None, run_after=None
[2024-06-02T23:06:11.813+0000] {processor.py:183} INFO - Processing /opt/airflow/dags/etl.py took 0.698 seconds
[2024-06-02T23:06:43.819+0000] {processor.py:161} INFO - Started process (PID=6696) to work on /opt/airflow/dags/etl.py
[2024-06-02T23:06:43.859+0000] {processor.py:830} INFO - Processing file /opt/airflow/dags/etl.py for tasks to queue
[2024-06-02T23:06:43.880+0000] {logging_mixin.py:188} INFO - [2024-06-02T23:06:43.879+0000] {dagbag.py:545} INFO - Filling up the DagBag from /opt/airflow/dags/etl.py
[2024-06-02T23:06:43.967+0000] {processor.py:840} INFO - DAG(s) 'AAAA' retrieved from /opt/airflow/dags/etl.py
[2024-06-02T23:06:44.172+0000] {logging_mixin.py:188} INFO - [2024-06-02T23:06:44.171+0000] {dag.py:3096} INFO - Sync 1 DAGs
[2024-06-02T23:06:44.458+0000] {logging_mixin.py:188} INFO - [2024-06-02T23:06:44.457+0000] {dag.py:3954} INFO - Setting next_dagrun for AAAA to None, run_after=None
[2024-06-02T23:06:44.659+0000] {processor.py:183} INFO - Processing /opt/airflow/dags/etl.py took 0.891 seconds
[2024-06-02T23:07:15.259+0000] {processor.py:161} INFO - Started process (PID=6730) to work on /opt/airflow/dags/etl.py
[2024-06-02T23:07:15.309+0000] {processor.py:830} INFO - Processing file /opt/airflow/dags/etl.py for tasks to queue
[2024-06-02T23:07:15.317+0000] {logging_mixin.py:188} INFO - [2024-06-02T23:07:15.316+0000] {dagbag.py:545} INFO - Filling up the DagBag from /opt/airflow/dags/etl.py
[2024-06-02T23:07:15.410+0000] {processor.py:840} INFO - DAG(s) 'AAAA' retrieved from /opt/airflow/dags/etl.py
[2024-06-02T23:07:15.637+0000] {logging_mixin.py:188} INFO - [2024-06-02T23:07:15.635+0000] {dag.py:3096} INFO - Sync 1 DAGs
[2024-06-02T23:07:15.827+0000] {logging_mixin.py:188} INFO - [2024-06-02T23:07:15.827+0000] {dag.py:3954} INFO - Setting next_dagrun for AAAA to None, run_after=None
[2024-06-02T23:07:16.048+0000] {processor.py:183} INFO - Processing /opt/airflow/dags/etl.py took 0.843 seconds
[2024-06-02T23:07:57.435+0000] {processor.py:161} INFO - Started process (PID=6784) to work on /opt/airflow/dags/etl.py
[2024-06-02T23:07:57.442+0000] {processor.py:830} INFO - Processing file /opt/airflow/dags/etl.py for tasks to queue
[2024-06-02T23:07:57.448+0000] {logging_mixin.py:188} INFO - [2024-06-02T23:07:57.446+0000] {dagbag.py:545} INFO - Filling up the DagBag from /opt/airflow/dags/etl.py
[2024-06-02T23:07:57.562+0000] {processor.py:840} INFO - DAG(s) 'AAAA' retrieved from /opt/airflow/dags/etl.py
[2024-06-02T23:07:57.715+0000] {logging_mixin.py:188} INFO - [2024-06-02T23:07:57.715+0000] {dag.py:3096} INFO - Sync 1 DAGs
[2024-06-02T23:07:57.841+0000] {logging_mixin.py:188} INFO - [2024-06-02T23:07:57.841+0000] {dag.py:3954} INFO - Setting next_dagrun for AAAA to None, run_after=None
[2024-06-02T23:07:58.050+0000] {processor.py:183} INFO - Processing /opt/airflow/dags/etl.py took 0.704 seconds
[2024-06-02T23:08:28.559+0000] {processor.py:161} INFO - Started process (PID=6823) to work on /opt/airflow/dags/etl.py
[2024-06-02T23:08:28.582+0000] {processor.py:830} INFO - Processing file /opt/airflow/dags/etl.py for tasks to queue
[2024-06-02T23:08:28.597+0000] {logging_mixin.py:188} INFO - [2024-06-02T23:08:28.596+0000] {dagbag.py:545} INFO - Filling up the DagBag from /opt/airflow/dags/etl.py
[2024-06-02T23:08:28.808+0000] {processor.py:840} INFO - DAG(s) 'AAAA' retrieved from /opt/airflow/dags/etl.py
[2024-06-02T23:08:29.028+0000] {logging_mixin.py:188} INFO - [2024-06-02T23:08:29.027+0000] {dag.py:3096} INFO - Sync 1 DAGs
[2024-06-02T23:08:29.191+0000] {logging_mixin.py:188} INFO - [2024-06-02T23:08:29.189+0000] {dag.py:3954} INFO - Setting next_dagrun for AAAA to None, run_after=None
[2024-06-02T23:08:29.416+0000] {processor.py:183} INFO - Processing /opt/airflow/dags/etl.py took 0.895 seconds
[2024-06-02T23:09:01.492+0000] {processor.py:161} INFO - Started process (PID=6871) to work on /opt/airflow/dags/etl.py
[2024-06-02T23:09:01.497+0000] {processor.py:830} INFO - Processing file /opt/airflow/dags/etl.py for tasks to queue
[2024-06-02T23:09:01.514+0000] {logging_mixin.py:188} INFO - [2024-06-02T23:09:01.513+0000] {dagbag.py:545} INFO - Filling up the DagBag from /opt/airflow/dags/etl.py
[2024-06-02T23:09:01.847+0000] {processor.py:840} INFO - DAG(s) 'AAAA' retrieved from /opt/airflow/dags/etl.py
[2024-06-02T23:09:02.767+0000] {logging_mixin.py:188} INFO - [2024-06-02T23:09:02.767+0000] {dag.py:3096} INFO - Sync 1 DAGs
[2024-06-02T23:09:02.834+0000] {logging_mixin.py:188} INFO - [2024-06-02T23:09:02.833+0000] {dag.py:3954} INFO - Setting next_dagrun for AAAA to None, run_after=None
[2024-06-02T23:09:02.963+0000] {processor.py:183} INFO - Processing /opt/airflow/dags/etl.py took 1.510 seconds
[2024-06-02T23:09:33.264+0000] {processor.py:161} INFO - Started process (PID=6930) to work on /opt/airflow/dags/etl.py
[2024-06-02T23:09:33.293+0000] {processor.py:830} INFO - Processing file /opt/airflow/dags/etl.py for tasks to queue
[2024-06-02T23:09:33.309+0000] {logging_mixin.py:188} INFO - [2024-06-02T23:09:33.307+0000] {dagbag.py:545} INFO - Filling up the DagBag from /opt/airflow/dags/etl.py
[2024-06-02T23:09:33.423+0000] {processor.py:840} INFO - DAG(s) 'AAAA' retrieved from /opt/airflow/dags/etl.py
[2024-06-02T23:09:33.536+0000] {logging_mixin.py:188} INFO - [2024-06-02T23:09:33.536+0000] {dag.py:3096} INFO - Sync 1 DAGs
[2024-06-02T23:09:33.638+0000] {logging_mixin.py:188} INFO - [2024-06-02T23:09:33.638+0000] {dag.py:3954} INFO - Setting next_dagrun for AAAA to None, run_after=None
[2024-06-02T23:09:33.743+0000] {processor.py:183} INFO - Processing /opt/airflow/dags/etl.py took 0.534 seconds
[2024-06-02T23:10:04.467+0000] {processor.py:161} INFO - Started process (PID=6988) to work on /opt/airflow/dags/etl.py
[2024-06-02T23:10:04.477+0000] {processor.py:830} INFO - Processing file /opt/airflow/dags/etl.py for tasks to queue
[2024-06-02T23:10:04.498+0000] {logging_mixin.py:188} INFO - [2024-06-02T23:10:04.497+0000] {dagbag.py:545} INFO - Filling up the DagBag from /opt/airflow/dags/etl.py
[2024-06-02T23:10:04.592+0000] {processor.py:840} INFO - DAG(s) 'AAAA' retrieved from /opt/airflow/dags/etl.py
[2024-06-02T23:10:04.714+0000] {logging_mixin.py:188} INFO - [2024-06-02T23:10:04.714+0000] {dag.py:3096} INFO - Sync 1 DAGs
[2024-06-02T23:10:04.767+0000] {logging_mixin.py:188} INFO - [2024-06-02T23:10:04.766+0000] {dag.py:3954} INFO - Setting next_dagrun for AAAA to None, run_after=None
[2024-06-02T23:10:04.837+0000] {processor.py:183} INFO - Processing /opt/airflow/dags/etl.py took 0.414 seconds
[2024-06-02T23:10:35.006+0000] {processor.py:161} INFO - Started process (PID=7047) to work on /opt/airflow/dags/etl.py
[2024-06-02T23:10:35.012+0000] {processor.py:830} INFO - Processing file /opt/airflow/dags/etl.py for tasks to queue
[2024-06-02T23:10:35.017+0000] {logging_mixin.py:188} INFO - [2024-06-02T23:10:35.015+0000] {dagbag.py:545} INFO - Filling up the DagBag from /opt/airflow/dags/etl.py
[2024-06-02T23:10:35.052+0000] {processor.py:840} INFO - DAG(s) 'AAAA' retrieved from /opt/airflow/dags/etl.py
[2024-06-02T23:10:35.118+0000] {logging_mixin.py:188} INFO - [2024-06-02T23:10:35.109+0000] {dag.py:3096} INFO - Sync 1 DAGs
[2024-06-02T23:10:35.261+0000] {logging_mixin.py:188} INFO - [2024-06-02T23:10:35.261+0000] {dag.py:3954} INFO - Setting next_dagrun for AAAA to None, run_after=None
[2024-06-02T23:10:35.385+0000] {processor.py:183} INFO - Processing /opt/airflow/dags/etl.py took 0.402 seconds
[2024-06-02T23:11:07.713+0000] {processor.py:161} INFO - Started process (PID=7099) to work on /opt/airflow/dags/etl.py
[2024-06-02T23:11:07.720+0000] {processor.py:830} INFO - Processing file /opt/airflow/dags/etl.py for tasks to queue
[2024-06-02T23:11:07.727+0000] {logging_mixin.py:188} INFO - [2024-06-02T23:11:07.726+0000] {dagbag.py:545} INFO - Filling up the DagBag from /opt/airflow/dags/etl.py
[2024-06-02T23:11:07.775+0000] {processor.py:840} INFO - DAG(s) 'AAAA' retrieved from /opt/airflow/dags/etl.py
[2024-06-02T23:11:07.859+0000] {logging_mixin.py:188} INFO - [2024-06-02T23:11:07.858+0000] {dag.py:3096} INFO - Sync 1 DAGs
[2024-06-02T23:11:07.922+0000] {logging_mixin.py:188} INFO - [2024-06-02T23:11:07.922+0000] {dag.py:3954} INFO - Setting next_dagrun for AAAA to None, run_after=None
[2024-06-02T23:11:07.998+0000] {processor.py:183} INFO - Processing /opt/airflow/dags/etl.py took 0.317 seconds
[2024-06-02T23:11:38.161+0000] {processor.py:161} INFO - Started process (PID=7156) to work on /opt/airflow/dags/etl.py
[2024-06-02T23:11:38.166+0000] {processor.py:830} INFO - Processing file /opt/airflow/dags/etl.py for tasks to queue
[2024-06-02T23:11:38.170+0000] {logging_mixin.py:188} INFO - [2024-06-02T23:11:38.169+0000] {dagbag.py:545} INFO - Filling up the DagBag from /opt/airflow/dags/etl.py
[2024-06-02T23:11:38.209+0000] {processor.py:840} INFO - DAG(s) 'AAAA' retrieved from /opt/airflow/dags/etl.py
[2024-06-02T23:11:38.339+0000] {logging_mixin.py:188} INFO - [2024-06-02T23:11:38.338+0000] {dag.py:3096} INFO - Sync 1 DAGs
[2024-06-02T23:11:38.431+0000] {logging_mixin.py:188} INFO - [2024-06-02T23:11:38.430+0000] {dag.py:3954} INFO - Setting next_dagrun for AAAA to None, run_after=None
[2024-06-02T23:11:38.509+0000] {processor.py:183} INFO - Processing /opt/airflow/dags/etl.py took 0.378 seconds
[2024-06-02T23:12:09.591+0000] {processor.py:161} INFO - Started process (PID=7215) to work on /opt/airflow/dags/etl.py
[2024-06-02T23:12:09.598+0000] {processor.py:830} INFO - Processing file /opt/airflow/dags/etl.py for tasks to queue
[2024-06-02T23:12:09.603+0000] {logging_mixin.py:188} INFO - [2024-06-02T23:12:09.602+0000] {dagbag.py:545} INFO - Filling up the DagBag from /opt/airflow/dags/etl.py
[2024-06-02T23:12:09.648+0000] {processor.py:840} INFO - DAG(s) 'AAAA' retrieved from /opt/airflow/dags/etl.py
[2024-06-02T23:12:09.729+0000] {logging_mixin.py:188} INFO - [2024-06-02T23:12:09.728+0000] {dag.py:3096} INFO - Sync 1 DAGs
[2024-06-02T23:12:09.788+0000] {logging_mixin.py:188} INFO - [2024-06-02T23:12:09.787+0000] {dag.py:3954} INFO - Setting next_dagrun for AAAA to None, run_after=None
[2024-06-02T23:12:09.873+0000] {processor.py:183} INFO - Processing /opt/airflow/dags/etl.py took 0.308 seconds
[2024-06-02T23:12:40.658+0000] {processor.py:161} INFO - Started process (PID=7273) to work on /opt/airflow/dags/etl.py
[2024-06-02T23:12:40.671+0000] {processor.py:830} INFO - Processing file /opt/airflow/dags/etl.py for tasks to queue
[2024-06-02T23:12:40.677+0000] {logging_mixin.py:188} INFO - [2024-06-02T23:12:40.675+0000] {dagbag.py:545} INFO - Filling up the DagBag from /opt/airflow/dags/etl.py
[2024-06-02T23:12:40.755+0000] {processor.py:840} INFO - DAG(s) 'AAAA' retrieved from /opt/airflow/dags/etl.py
[2024-06-02T23:12:40.943+0000] {logging_mixin.py:188} INFO - [2024-06-02T23:12:40.932+0000] {dag.py:3096} INFO - Sync 1 DAGs
[2024-06-02T23:12:41.097+0000] {logging_mixin.py:188} INFO - [2024-06-02T23:12:41.097+0000] {dag.py:3954} INFO - Setting next_dagrun for AAAA to None, run_after=None
[2024-06-02T23:12:41.572+0000] {processor.py:183} INFO - Processing /opt/airflow/dags/etl.py took 0.936 seconds
[2024-06-02T23:13:11.954+0000] {processor.py:161} INFO - Started process (PID=7332) to work on /opt/airflow/dags/etl.py
[2024-06-02T23:13:11.966+0000] {processor.py:830} INFO - Processing file /opt/airflow/dags/etl.py for tasks to queue
[2024-06-02T23:13:11.977+0000] {logging_mixin.py:188} INFO - [2024-06-02T23:13:11.975+0000] {dagbag.py:545} INFO - Filling up the DagBag from /opt/airflow/dags/etl.py
[2024-06-02T23:13:12.085+0000] {processor.py:840} INFO - DAG(s) 'AAAA' retrieved from /opt/airflow/dags/etl.py
[2024-06-02T23:13:12.350+0000] {logging_mixin.py:188} INFO - [2024-06-02T23:13:12.349+0000] {dag.py:3096} INFO - Sync 1 DAGs
[2024-06-02T23:13:12.476+0000] {logging_mixin.py:188} INFO - [2024-06-02T23:13:12.476+0000] {dag.py:3954} INFO - Setting next_dagrun for AAAA to None, run_after=None
[2024-06-02T23:13:12.670+0000] {processor.py:183} INFO - Processing /opt/airflow/dags/etl.py took 0.754 seconds
[2024-06-02T23:13:45.229+0000] {processor.py:161} INFO - Started process (PID=7381) to work on /opt/airflow/dags/etl.py
[2024-06-02T23:13:45.244+0000] {processor.py:830} INFO - Processing file /opt/airflow/dags/etl.py for tasks to queue
[2024-06-02T23:13:45.258+0000] {logging_mixin.py:188} INFO - [2024-06-02T23:13:45.249+0000] {dagbag.py:545} INFO - Filling up the DagBag from /opt/airflow/dags/etl.py
[2024-06-02T23:13:45.323+0000] {processor.py:840} INFO - DAG(s) 'AAAA' retrieved from /opt/airflow/dags/etl.py
[2024-06-02T23:13:45.464+0000] {logging_mixin.py:188} INFO - [2024-06-02T23:13:45.463+0000] {dag.py:3096} INFO - Sync 1 DAGs
[2024-06-02T23:13:45.530+0000] {logging_mixin.py:188} INFO - [2024-06-02T23:13:45.530+0000] {dag.py:3954} INFO - Setting next_dagrun for AAAA to None, run_after=None
[2024-06-02T23:13:45.623+0000] {processor.py:183} INFO - Processing /opt/airflow/dags/etl.py took 0.459 seconds
[2024-06-02T23:14:19.487+0000] {processor.py:161} INFO - Started process (PID=7437) to work on /opt/airflow/dags/etl.py
[2024-06-02T23:14:19.491+0000] {processor.py:830} INFO - Processing file /opt/airflow/dags/etl.py for tasks to queue
[2024-06-02T23:14:19.497+0000] {logging_mixin.py:188} INFO - [2024-06-02T23:14:19.495+0000] {dagbag.py:545} INFO - Filling up the DagBag from /opt/airflow/dags/etl.py
[2024-06-02T23:14:19.550+0000] {processor.py:840} INFO - DAG(s) 'AAAA' retrieved from /opt/airflow/dags/etl.py
[2024-06-02T23:14:20.229+0000] {logging_mixin.py:188} INFO - [2024-06-02T23:14:20.228+0000] {dag.py:3096} INFO - Sync 1 DAGs
[2024-06-02T23:14:20.288+0000] {logging_mixin.py:188} INFO - [2024-06-02T23:14:20.287+0000] {dag.py:3954} INFO - Setting next_dagrun for AAAA to None, run_after=None
[2024-06-02T23:14:20.379+0000] {processor.py:183} INFO - Processing /opt/airflow/dags/etl.py took 0.926 seconds
[2024-06-02T23:14:52.017+0000] {processor.py:161} INFO - Started process (PID=7489) to work on /opt/airflow/dags/etl.py
[2024-06-02T23:14:52.022+0000] {processor.py:830} INFO - Processing file /opt/airflow/dags/etl.py for tasks to queue
[2024-06-02T23:14:52.027+0000] {logging_mixin.py:188} INFO - [2024-06-02T23:14:52.026+0000] {dagbag.py:545} INFO - Filling up the DagBag from /opt/airflow/dags/etl.py
[2024-06-02T23:14:52.142+0000] {processor.py:840} INFO - DAG(s) 'AAAA' retrieved from /opt/airflow/dags/etl.py
[2024-06-02T23:14:52.257+0000] {logging_mixin.py:188} INFO - [2024-06-02T23:14:52.256+0000] {dag.py:3096} INFO - Sync 1 DAGs
[2024-06-02T23:14:52.406+0000] {logging_mixin.py:188} INFO - [2024-06-02T23:14:52.405+0000] {dag.py:3954} INFO - Setting next_dagrun for AAAA to None, run_after=None
[2024-06-02T23:14:52.534+0000] {processor.py:183} INFO - Processing /opt/airflow/dags/etl.py took 0.545 seconds
[2024-06-02T23:15:28.279+0000] {processor.py:161} INFO - Started process (PID=7549) to work on /opt/airflow/dags/etl.py
[2024-06-02T23:15:28.304+0000] {processor.py:830} INFO - Processing file /opt/airflow/dags/etl.py for tasks to queue
[2024-06-02T23:15:28.330+0000] {logging_mixin.py:188} INFO - [2024-06-02T23:15:28.311+0000] {dagbag.py:545} INFO - Filling up the DagBag from /opt/airflow/dags/etl.py
[2024-06-02T23:15:28.519+0000] {processor.py:840} INFO - DAG(s) 'AAAA' retrieved from /opt/airflow/dags/etl.py
[2024-06-02T23:15:28.834+0000] {logging_mixin.py:188} INFO - [2024-06-02T23:15:28.832+0000] {dag.py:3096} INFO - Sync 1 DAGs
[2024-06-02T23:15:29.244+0000] {logging_mixin.py:188} INFO - [2024-06-02T23:15:29.243+0000] {dag.py:3954} INFO - Setting next_dagrun for AAAA to None, run_after=None
[2024-06-02T23:15:29.400+0000] {processor.py:183} INFO - Processing /opt/airflow/dags/etl.py took 1.260 seconds
[2024-06-02T23:15:59.923+0000] {processor.py:161} INFO - Started process (PID=7609) to work on /opt/airflow/dags/etl.py
[2024-06-02T23:15:59.927+0000] {processor.py:830} INFO - Processing file /opt/airflow/dags/etl.py for tasks to queue
[2024-06-02T23:15:59.943+0000] {logging_mixin.py:188} INFO - [2024-06-02T23:15:59.930+0000] {dagbag.py:545} INFO - Filling up the DagBag from /opt/airflow/dags/etl.py
[2024-06-02T23:16:00.123+0000] {processor.py:840} INFO - DAG(s) 'AAAA' retrieved from /opt/airflow/dags/etl.py
[2024-06-02T23:16:00.224+0000] {logging_mixin.py:188} INFO - [2024-06-02T23:16:00.223+0000] {dag.py:3096} INFO - Sync 1 DAGs
[2024-06-02T23:16:00.303+0000] {logging_mixin.py:188} INFO - [2024-06-02T23:16:00.303+0000] {dag.py:3954} INFO - Setting next_dagrun for AAAA to None, run_after=None
[2024-06-02T23:16:00.425+0000] {processor.py:183} INFO - Processing /opt/airflow/dags/etl.py took 0.545 seconds
[2024-06-02T23:16:44.083+0000] {processor.py:161} INFO - Started process (PID=7669) to work on /opt/airflow/dags/etl.py
[2024-06-02T23:16:44.087+0000] {processor.py:830} INFO - Processing file /opt/airflow/dags/etl.py for tasks to queue
[2024-06-02T23:16:44.102+0000] {logging_mixin.py:188} INFO - [2024-06-02T23:16:44.100+0000] {dagbag.py:545} INFO - Filling up the DagBag from /opt/airflow/dags/etl.py
[2024-06-02T23:16:44.163+0000] {processor.py:840} INFO - DAG(s) 'AAAA' retrieved from /opt/airflow/dags/etl.py
[2024-06-02T23:16:44.247+0000] {logging_mixin.py:188} INFO - [2024-06-02T23:16:44.246+0000] {dag.py:3096} INFO - Sync 1 DAGs
[2024-06-02T23:16:44.365+0000] {logging_mixin.py:188} INFO - [2024-06-02T23:16:44.364+0000] {dag.py:3954} INFO - Setting next_dagrun for AAAA to None, run_after=None
[2024-06-02T23:16:44.499+0000] {processor.py:183} INFO - Processing /opt/airflow/dags/etl.py took 0.450 seconds
[2024-06-02T23:17:17.039+0000] {processor.py:161} INFO - Started process (PID=7727) to work on /opt/airflow/dags/etl.py
[2024-06-02T23:17:17.054+0000] {processor.py:830} INFO - Processing file /opt/airflow/dags/etl.py for tasks to queue
[2024-06-02T23:17:17.069+0000] {logging_mixin.py:188} INFO - [2024-06-02T23:17:17.066+0000] {dagbag.py:545} INFO - Filling up the DagBag from /opt/airflow/dags/etl.py
[2024-06-02T23:17:17.212+0000] {processor.py:840} INFO - DAG(s) 'AAAA' retrieved from /opt/airflow/dags/etl.py
[2024-06-02T23:17:17.487+0000] {logging_mixin.py:188} INFO - [2024-06-02T23:17:17.486+0000] {dag.py:3096} INFO - Sync 1 DAGs
[2024-06-02T23:17:17.646+0000] {logging_mixin.py:188} INFO - [2024-06-02T23:17:17.645+0000] {dag.py:3954} INFO - Setting next_dagrun for AAAA to None, run_after=None
[2024-06-02T23:17:18.080+0000] {processor.py:183} INFO - Processing /opt/airflow/dags/etl.py took 1.108 seconds
[2024-06-02T23:17:54.241+0000] {processor.py:161} INFO - Started process (PID=7749) to work on /opt/airflow/dags/etl.py
[2024-06-02T23:17:54.262+0000] {processor.py:830} INFO - Processing file /opt/airflow/dags/etl.py for tasks to queue
[2024-06-02T23:17:54.279+0000] {logging_mixin.py:188} INFO - [2024-06-02T23:17:54.278+0000] {dagbag.py:545} INFO - Filling up the DagBag from /opt/airflow/dags/etl.py
[2024-06-02T23:17:54.690+0000] {processor.py:840} INFO - DAG(s) 'AAAA' retrieved from /opt/airflow/dags/etl.py
[2024-06-02T23:17:55.375+0000] {logging_mixin.py:188} INFO - [2024-06-02T23:17:55.375+0000] {dag.py:3096} INFO - Sync 1 DAGs
[2024-06-02T23:17:55.867+0000] {logging_mixin.py:188} INFO - [2024-06-02T23:17:55.867+0000] {dag.py:3954} INFO - Setting next_dagrun for AAAA to None, run_after=None
[2024-06-02T23:17:56.678+0000] {processor.py:183} INFO - Processing /opt/airflow/dags/etl.py took 2.547 seconds
[2024-06-02T23:18:50.869+0000] {processor.py:161} INFO - Started process (PID=7800) to work on /opt/airflow/dags/etl.py
[2024-06-02T23:18:50.885+0000] {processor.py:830} INFO - Processing file /opt/airflow/dags/etl.py for tasks to queue
[2024-06-02T23:18:50.903+0000] {logging_mixin.py:188} INFO - [2024-06-02T23:18:50.902+0000] {dagbag.py:545} INFO - Filling up the DagBag from /opt/airflow/dags/etl.py
[2024-06-02T23:18:51.016+0000] {processor.py:840} INFO - DAG(s) 'AAAA' retrieved from /opt/airflow/dags/etl.py
[2024-06-02T23:18:51.167+0000] {logging_mixin.py:188} INFO - [2024-06-02T23:18:51.166+0000] {dag.py:3096} INFO - Sync 1 DAGs
[2024-06-02T23:18:51.289+0000] {logging_mixin.py:188} INFO - [2024-06-02T23:18:51.288+0000] {dag.py:3954} INFO - Setting next_dagrun for AAAA to None, run_after=None
[2024-06-02T23:18:51.593+0000] {processor.py:183} INFO - Processing /opt/airflow/dags/etl.py took 0.855 seconds
[2024-06-02T23:19:22.224+0000] {processor.py:161} INFO - Started process (PID=7857) to work on /opt/airflow/dags/etl.py
[2024-06-02T23:19:22.239+0000] {processor.py:830} INFO - Processing file /opt/airflow/dags/etl.py for tasks to queue
[2024-06-02T23:19:22.246+0000] {logging_mixin.py:188} INFO - [2024-06-02T23:19:22.244+0000] {dagbag.py:545} INFO - Filling up the DagBag from /opt/airflow/dags/etl.py
[2024-06-02T23:19:22.322+0000] {processor.py:840} INFO - DAG(s) 'AAAA' retrieved from /opt/airflow/dags/etl.py
[2024-06-02T23:19:22.497+0000] {logging_mixin.py:188} INFO - [2024-06-02T23:19:22.496+0000] {dag.py:3096} INFO - Sync 1 DAGs
[2024-06-02T23:19:22.674+0000] {logging_mixin.py:188} INFO - [2024-06-02T23:19:22.673+0000] {dag.py:3954} INFO - Setting next_dagrun for AAAA to None, run_after=None
[2024-06-02T23:19:22.945+0000] {processor.py:183} INFO - Processing /opt/airflow/dags/etl.py took 0.764 seconds
[2024-06-02T23:19:53.853+0000] {processor.py:161} INFO - Started process (PID=7916) to work on /opt/airflow/dags/etl.py
[2024-06-02T23:19:53.907+0000] {processor.py:830} INFO - Processing file /opt/airflow/dags/etl.py for tasks to queue
[2024-06-02T23:19:53.952+0000] {logging_mixin.py:188} INFO - [2024-06-02T23:19:53.951+0000] {dagbag.py:545} INFO - Filling up the DagBag from /opt/airflow/dags/etl.py
[2024-06-02T23:19:54.060+0000] {processor.py:840} INFO - DAG(s) 'AAAA' retrieved from /opt/airflow/dags/etl.py
[2024-06-02T23:19:54.199+0000] {logging_mixin.py:188} INFO - [2024-06-02T23:19:54.198+0000] {dag.py:3096} INFO - Sync 1 DAGs
[2024-06-02T23:19:54.370+0000] {logging_mixin.py:188} INFO - [2024-06-02T23:19:54.369+0000] {dag.py:3954} INFO - Setting next_dagrun for AAAA to None, run_after=None
[2024-06-02T23:19:54.652+0000] {processor.py:183} INFO - Processing /opt/airflow/dags/etl.py took 0.839 seconds
[2024-06-02T23:20:33.465+0000] {processor.py:161} INFO - Started process (PID=7966) to work on /opt/airflow/dags/etl.py
[2024-06-02T23:20:33.487+0000] {processor.py:830} INFO - Processing file /opt/airflow/dags/etl.py for tasks to queue
[2024-06-02T23:20:33.505+0000] {logging_mixin.py:188} INFO - [2024-06-02T23:20:33.503+0000] {dagbag.py:545} INFO - Filling up the DagBag from /opt/airflow/dags/etl.py
[2024-06-02T23:20:33.605+0000] {processor.py:840} INFO - DAG(s) 'AAAA' retrieved from /opt/airflow/dags/etl.py
[2024-06-02T23:20:33.811+0000] {logging_mixin.py:188} INFO - [2024-06-02T23:20:33.803+0000] {dag.py:3096} INFO - Sync 1 DAGs
[2024-06-02T23:20:33.997+0000] {logging_mixin.py:188} INFO - [2024-06-02T23:20:33.993+0000] {dag.py:3954} INFO - Setting next_dagrun for AAAA to None, run_after=None
[2024-06-02T23:20:34.152+0000] {processor.py:183} INFO - Processing /opt/airflow/dags/etl.py took 0.739 seconds
[2024-06-02T23:21:04.675+0000] {processor.py:161} INFO - Started process (PID=8025) to work on /opt/airflow/dags/etl.py
[2024-06-02T23:21:04.680+0000] {processor.py:830} INFO - Processing file /opt/airflow/dags/etl.py for tasks to queue
[2024-06-02T23:21:04.687+0000] {logging_mixin.py:188} INFO - [2024-06-02T23:21:04.686+0000] {dagbag.py:545} INFO - Filling up the DagBag from /opt/airflow/dags/etl.py
[2024-06-02T23:21:04.730+0000] {processor.py:840} INFO - DAG(s) 'AAAA' retrieved from /opt/airflow/dags/etl.py
[2024-06-02T23:21:04.842+0000] {logging_mixin.py:188} INFO - [2024-06-02T23:21:04.841+0000] {dag.py:3096} INFO - Sync 1 DAGs
[2024-06-02T23:21:04.904+0000] {logging_mixin.py:188} INFO - [2024-06-02T23:21:04.903+0000] {dag.py:3954} INFO - Setting next_dagrun for AAAA to None, run_after=None
[2024-06-02T23:21:04.986+0000] {processor.py:183} INFO - Processing /opt/airflow/dags/etl.py took 0.347 seconds
[2024-06-02T23:22:19.657+0000] {processor.py:161} INFO - Started process (PID=8099) to work on /opt/airflow/dags/etl.py
[2024-06-02T23:22:19.692+0000] {processor.py:830} INFO - Processing file /opt/airflow/dags/etl.py for tasks to queue
[2024-06-02T23:22:19.702+0000] {logging_mixin.py:188} INFO - [2024-06-02T23:22:19.697+0000] {dagbag.py:545} INFO - Filling up the DagBag from /opt/airflow/dags/etl.py
[2024-06-02T23:22:19.849+0000] {processor.py:840} INFO - DAG(s) 'AAAA' retrieved from /opt/airflow/dags/etl.py
[2024-06-02T23:22:20.109+0000] {logging_mixin.py:188} INFO - [2024-06-02T23:22:20.109+0000] {dag.py:3096} INFO - Sync 1 DAGs
[2024-06-02T23:22:20.319+0000] {logging_mixin.py:188} INFO - [2024-06-02T23:22:20.318+0000] {dag.py:3954} INFO - Setting next_dagrun for AAAA to None, run_after=None
[2024-06-02T23:22:20.572+0000] {processor.py:183} INFO - Processing /opt/airflow/dags/etl.py took 0.970 seconds
[2024-06-02T23:22:54.488+0000] {processor.py:161} INFO - Started process (PID=8139) to work on /opt/airflow/dags/etl.py
[2024-06-02T23:22:54.530+0000] {processor.py:830} INFO - Processing file /opt/airflow/dags/etl.py for tasks to queue
[2024-06-02T23:22:54.568+0000] {logging_mixin.py:188} INFO - [2024-06-02T23:22:54.567+0000] {dagbag.py:545} INFO - Filling up the DagBag from /opt/airflow/dags/etl.py
[2024-06-02T23:22:54.762+0000] {processor.py:840} INFO - DAG(s) 'AAAA' retrieved from /opt/airflow/dags/etl.py
[2024-06-02T23:22:55.166+0000] {logging_mixin.py:188} INFO - [2024-06-02T23:22:55.165+0000] {dag.py:3096} INFO - Sync 1 DAGs
[2024-06-02T23:22:55.480+0000] {logging_mixin.py:188} INFO - [2024-06-02T23:22:55.479+0000] {dag.py:3954} INFO - Setting next_dagrun for AAAA to None, run_after=None
[2024-06-02T23:22:56.019+0000] {processor.py:183} INFO - Processing /opt/airflow/dags/etl.py took 1.695 seconds
[2024-06-02T23:23:30.523+0000] {processor.py:161} INFO - Started process (PID=8187) to work on /opt/airflow/dags/etl.py
[2024-06-02T23:23:30.537+0000] {processor.py:830} INFO - Processing file /opt/airflow/dags/etl.py for tasks to queue
[2024-06-02T23:23:30.549+0000] {logging_mixin.py:188} INFO - [2024-06-02T23:23:30.540+0000] {dagbag.py:545} INFO - Filling up the DagBag from /opt/airflow/dags/etl.py
[2024-06-02T23:23:30.623+0000] {processor.py:840} INFO - DAG(s) 'AAAA' retrieved from /opt/airflow/dags/etl.py
[2024-06-02T23:23:30.831+0000] {logging_mixin.py:188} INFO - [2024-06-02T23:23:30.831+0000] {dag.py:3096} INFO - Sync 1 DAGs
[2024-06-02T23:23:31.169+0000] {logging_mixin.py:188} INFO - [2024-06-02T23:23:31.168+0000] {dag.py:3954} INFO - Setting next_dagrun for AAAA to None, run_after=None
[2024-06-02T23:23:31.469+0000] {processor.py:183} INFO - Processing /opt/airflow/dags/etl.py took 0.994 seconds
[2024-06-02T23:24:19.096+0000] {processor.py:161} INFO - Started process (PID=8251) to work on /opt/airflow/dags/etl.py
[2024-06-02T23:24:19.107+0000] {processor.py:830} INFO - Processing file /opt/airflow/dags/etl.py for tasks to queue
[2024-06-02T23:24:19.112+0000] {logging_mixin.py:188} INFO - [2024-06-02T23:24:19.111+0000] {dagbag.py:545} INFO - Filling up the DagBag from /opt/airflow/dags/etl.py
[2024-06-02T23:24:19.159+0000] {processor.py:840} INFO - DAG(s) 'AAAA' retrieved from /opt/airflow/dags/etl.py
[2024-06-02T23:24:19.333+0000] {logging_mixin.py:188} INFO - [2024-06-02T23:24:19.331+0000] {dag.py:3096} INFO - Sync 1 DAGs
[2024-06-02T23:24:19.429+0000] {logging_mixin.py:188} INFO - [2024-06-02T23:24:19.428+0000] {dag.py:3954} INFO - Setting next_dagrun for AAAA to None, run_after=None
[2024-06-02T23:24:19.652+0000] {processor.py:183} INFO - Processing /opt/airflow/dags/etl.py took 0.601 seconds
[2024-06-02T23:24:50.078+0000] {processor.py:161} INFO - Started process (PID=8309) to work on /opt/airflow/dags/etl.py
[2024-06-02T23:24:50.086+0000] {processor.py:830} INFO - Processing file /opt/airflow/dags/etl.py for tasks to queue
[2024-06-02T23:24:50.095+0000] {logging_mixin.py:188} INFO - [2024-06-02T23:24:50.094+0000] {dagbag.py:545} INFO - Filling up the DagBag from /opt/airflow/dags/etl.py
[2024-06-02T23:24:50.175+0000] {processor.py:840} INFO - DAG(s) 'AAAA' retrieved from /opt/airflow/dags/etl.py
[2024-06-02T23:24:50.268+0000] {logging_mixin.py:188} INFO - [2024-06-02T23:24:50.267+0000] {dag.py:3096} INFO - Sync 1 DAGs
[2024-06-02T23:24:50.472+0000] {logging_mixin.py:188} INFO - [2024-06-02T23:24:50.471+0000] {dag.py:3954} INFO - Setting next_dagrun for AAAA to None, run_after=None
[2024-06-02T23:24:50.629+0000] {processor.py:183} INFO - Processing /opt/airflow/dags/etl.py took 0.579 seconds
[2024-06-02T23:25:21.085+0000] {processor.py:161} INFO - Started process (PID=8367) to work on /opt/airflow/dags/etl.py
[2024-06-02T23:25:21.099+0000] {processor.py:830} INFO - Processing file /opt/airflow/dags/etl.py for tasks to queue
[2024-06-02T23:25:21.108+0000] {logging_mixin.py:188} INFO - [2024-06-02T23:25:21.107+0000] {dagbag.py:545} INFO - Filling up the DagBag from /opt/airflow/dags/etl.py
[2024-06-02T23:25:21.228+0000] {processor.py:840} INFO - DAG(s) 'AAAA' retrieved from /opt/airflow/dags/etl.py
[2024-06-02T23:25:21.316+0000] {logging_mixin.py:188} INFO - [2024-06-02T23:25:21.315+0000] {dag.py:3096} INFO - Sync 1 DAGs
[2024-06-02T23:25:21.414+0000] {logging_mixin.py:188} INFO - [2024-06-02T23:25:21.414+0000] {dag.py:3954} INFO - Setting next_dagrun for AAAA to None, run_after=None
[2024-06-02T23:25:21.483+0000] {processor.py:183} INFO - Processing /opt/airflow/dags/etl.py took 0.437 seconds
[2024-06-02T23:25:52.410+0000] {processor.py:161} INFO - Started process (PID=8415) to work on /opt/airflow/dags/etl.py
[2024-06-02T23:25:52.415+0000] {processor.py:830} INFO - Processing file /opt/airflow/dags/etl.py for tasks to queue
[2024-06-02T23:25:52.435+0000] {logging_mixin.py:188} INFO - [2024-06-02T23:25:52.434+0000] {dagbag.py:545} INFO - Filling up the DagBag from /opt/airflow/dags/etl.py
[2024-06-02T23:25:52.485+0000] {processor.py:840} INFO - DAG(s) 'AAAA' retrieved from /opt/airflow/dags/etl.py
[2024-06-02T23:25:52.657+0000] {logging_mixin.py:188} INFO - [2024-06-02T23:25:52.646+0000] {dag.py:3096} INFO - Sync 1 DAGs
[2024-06-02T23:25:52.803+0000] {logging_mixin.py:188} INFO - [2024-06-02T23:25:52.792+0000] {dag.py:3954} INFO - Setting next_dagrun for AAAA to None, run_after=None
[2024-06-02T23:25:53.051+0000] {processor.py:183} INFO - Processing /opt/airflow/dags/etl.py took 0.698 seconds
[2024-06-02T23:26:32.621+0000] {processor.py:161} INFO - Started process (PID=8459) to work on /opt/airflow/dags/etl.py
[2024-06-02T23:26:32.685+0000] {processor.py:830} INFO - Processing file /opt/airflow/dags/etl.py for tasks to queue
[2024-06-02T23:26:32.703+0000] {logging_mixin.py:188} INFO - [2024-06-02T23:26:32.702+0000] {dagbag.py:545} INFO - Filling up the DagBag from /opt/airflow/dags/etl.py
[2024-06-02T23:26:32.826+0000] {processor.py:840} INFO - DAG(s) 'AAAA' retrieved from /opt/airflow/dags/etl.py
[2024-06-02T23:26:33.038+0000] {logging_mixin.py:188} INFO - [2024-06-02T23:26:33.037+0000] {dag.py:3096} INFO - Sync 1 DAGs
[2024-06-02T23:26:33.219+0000] {logging_mixin.py:188} INFO - [2024-06-02T23:26:33.218+0000] {dag.py:3954} INFO - Setting next_dagrun for AAAA to None, run_after=None
[2024-06-02T23:26:33.743+0000] {processor.py:183} INFO - Processing /opt/airflow/dags/etl.py took 1.220 seconds
[2024-06-02T23:27:04.667+0000] {processor.py:161} INFO - Started process (PID=8518) to work on /opt/airflow/dags/etl.py
[2024-06-02T23:27:04.671+0000] {processor.py:830} INFO - Processing file /opt/airflow/dags/etl.py for tasks to queue
[2024-06-02T23:27:04.675+0000] {logging_mixin.py:188} INFO - [2024-06-02T23:27:04.673+0000] {dagbag.py:545} INFO - Filling up the DagBag from /opt/airflow/dags/etl.py
[2024-06-02T23:27:04.717+0000] {processor.py:840} INFO - DAG(s) 'AAAA' retrieved from /opt/airflow/dags/etl.py
[2024-06-02T23:27:04.766+0000] {logging_mixin.py:188} INFO - [2024-06-02T23:27:04.765+0000] {dag.py:3096} INFO - Sync 1 DAGs
[2024-06-02T23:27:04.802+0000] {logging_mixin.py:188} INFO - [2024-06-02T23:27:04.801+0000] {dag.py:3954} INFO - Setting next_dagrun for AAAA to None, run_after=None
[2024-06-02T23:27:04.852+0000] {processor.py:183} INFO - Processing /opt/airflow/dags/etl.py took 0.206 seconds
[2024-06-02T23:27:35.927+0000] {processor.py:161} INFO - Started process (PID=8572) to work on /opt/airflow/dags/etl.py
[2024-06-02T23:27:36.083+0000] {processor.py:830} INFO - Processing file /opt/airflow/dags/etl.py for tasks to queue
[2024-06-02T23:27:36.162+0000] {logging_mixin.py:188} INFO - [2024-06-02T23:27:36.160+0000] {dagbag.py:545} INFO - Filling up the DagBag from /opt/airflow/dags/etl.py
[2024-06-02T23:27:36.334+0000] {processor.py:840} INFO - DAG(s) 'AAAA' retrieved from /opt/airflow/dags/etl.py
[2024-06-02T23:27:36.603+0000] {logging_mixin.py:188} INFO - [2024-06-02T23:27:36.603+0000] {dag.py:3096} INFO - Sync 1 DAGs
[2024-06-02T23:27:36.848+0000] {logging_mixin.py:188} INFO - [2024-06-02T23:27:36.847+0000] {dag.py:3954} INFO - Setting next_dagrun for AAAA to None, run_after=None
[2024-06-02T23:27:37.143+0000] {processor.py:183} INFO - Processing /opt/airflow/dags/etl.py took 1.252 seconds
[2024-06-02T23:28:15.210+0000] {processor.py:161} INFO - Started process (PID=8631) to work on /opt/airflow/dags/etl.py
[2024-06-02T23:28:15.223+0000] {processor.py:830} INFO - Processing file /opt/airflow/dags/etl.py for tasks to queue
[2024-06-02T23:28:15.227+0000] {logging_mixin.py:188} INFO - [2024-06-02T23:28:15.226+0000] {dagbag.py:545} INFO - Filling up the DagBag from /opt/airflow/dags/etl.py
[2024-06-02T23:28:15.264+0000] {processor.py:840} INFO - DAG(s) 'AAAA' retrieved from /opt/airflow/dags/etl.py
[2024-06-02T23:28:15.348+0000] {logging_mixin.py:188} INFO - [2024-06-02T23:28:15.347+0000] {dag.py:3096} INFO - Sync 1 DAGs
[2024-06-02T23:28:15.399+0000] {logging_mixin.py:188} INFO - [2024-06-02T23:28:15.399+0000] {dag.py:3954} INFO - Setting next_dagrun for AAAA to None, run_after=None
[2024-06-02T23:28:15.534+0000] {processor.py:183} INFO - Processing /opt/airflow/dags/etl.py took 0.357 seconds
[2024-06-02T23:28:46.269+0000] {processor.py:161} INFO - Started process (PID=8690) to work on /opt/airflow/dags/etl.py
[2024-06-02T23:28:46.305+0000] {processor.py:830} INFO - Processing file /opt/airflow/dags/etl.py for tasks to queue
[2024-06-02T23:28:46.320+0000] {logging_mixin.py:188} INFO - [2024-06-02T23:28:46.312+0000] {dagbag.py:545} INFO - Filling up the DagBag from /opt/airflow/dags/etl.py
[2024-06-02T23:28:46.393+0000] {processor.py:840} INFO - DAG(s) 'AAAA' retrieved from /opt/airflow/dags/etl.py
[2024-06-02T23:28:46.601+0000] {logging_mixin.py:188} INFO - [2024-06-02T23:28:46.600+0000] {dag.py:3096} INFO - Sync 1 DAGs
[2024-06-02T23:28:46.746+0000] {logging_mixin.py:188} INFO - [2024-06-02T23:28:46.745+0000] {dag.py:3954} INFO - Setting next_dagrun for AAAA to None, run_after=None
[2024-06-02T23:28:46.892+0000] {processor.py:183} INFO - Processing /opt/airflow/dags/etl.py took 0.678 seconds
[2024-06-02T23:29:17.100+0000] {processor.py:161} INFO - Started process (PID=8749) to work on /opt/airflow/dags/etl.py
[2024-06-02T23:29:17.104+0000] {processor.py:830} INFO - Processing file /opt/airflow/dags/etl.py for tasks to queue
[2024-06-02T23:29:17.109+0000] {logging_mixin.py:188} INFO - [2024-06-02T23:29:17.107+0000] {dagbag.py:545} INFO - Filling up the DagBag from /opt/airflow/dags/etl.py
[2024-06-02T23:29:17.144+0000] {processor.py:840} INFO - DAG(s) 'AAAA' retrieved from /opt/airflow/dags/etl.py
[2024-06-02T23:29:17.265+0000] {logging_mixin.py:188} INFO - [2024-06-02T23:29:17.265+0000] {dag.py:3096} INFO - Sync 1 DAGs
[2024-06-02T23:29:17.344+0000] {logging_mixin.py:188} INFO - [2024-06-02T23:29:17.343+0000] {dag.py:3954} INFO - Setting next_dagrun for AAAA to None, run_after=None
[2024-06-02T23:29:17.400+0000] {processor.py:183} INFO - Processing /opt/airflow/dags/etl.py took 0.321 seconds
[2024-06-02T23:29:48.603+0000] {processor.py:161} INFO - Started process (PID=8807) to work on /opt/airflow/dags/etl.py
[2024-06-02T23:29:48.608+0000] {processor.py:830} INFO - Processing file /opt/airflow/dags/etl.py for tasks to queue
[2024-06-02T23:29:48.612+0000] {logging_mixin.py:188} INFO - [2024-06-02T23:29:48.611+0000] {dagbag.py:545} INFO - Filling up the DagBag from /opt/airflow/dags/etl.py
[2024-06-02T23:29:48.686+0000] {processor.py:840} INFO - DAG(s) 'AAAA' retrieved from /opt/airflow/dags/etl.py
[2024-06-02T23:29:48.826+0000] {logging_mixin.py:188} INFO - [2024-06-02T23:29:48.826+0000] {dag.py:3096} INFO - Sync 1 DAGs
[2024-06-02T23:29:48.949+0000] {logging_mixin.py:188} INFO - [2024-06-02T23:29:48.948+0000] {dag.py:3954} INFO - Setting next_dagrun for AAAA to None, run_after=None
[2024-06-02T23:29:49.099+0000] {processor.py:183} INFO - Processing /opt/airflow/dags/etl.py took 0.525 seconds
[2024-06-02T23:30:19.666+0000] {processor.py:161} INFO - Started process (PID=8866) to work on /opt/airflow/dags/etl.py
[2024-06-02T23:30:19.671+0000] {processor.py:830} INFO - Processing file /opt/airflow/dags/etl.py for tasks to queue
[2024-06-02T23:30:19.681+0000] {logging_mixin.py:188} INFO - [2024-06-02T23:30:19.680+0000] {dagbag.py:545} INFO - Filling up the DagBag from /opt/airflow/dags/etl.py
[2024-06-02T23:30:19.727+0000] {processor.py:840} INFO - DAG(s) 'AAAA' retrieved from /opt/airflow/dags/etl.py
[2024-06-02T23:30:19.838+0000] {logging_mixin.py:188} INFO - [2024-06-02T23:30:19.837+0000] {dag.py:3096} INFO - Sync 1 DAGs
[2024-06-02T23:30:19.952+0000] {logging_mixin.py:188} INFO - [2024-06-02T23:30:19.948+0000] {dag.py:3954} INFO - Setting next_dagrun for AAAA to None, run_after=None
[2024-06-02T23:30:20.088+0000] {processor.py:183} INFO - Processing /opt/airflow/dags/etl.py took 0.458 seconds
[2024-06-02T23:30:51.437+0000] {processor.py:161} INFO - Started process (PID=8925) to work on /opt/airflow/dags/etl.py
[2024-06-02T23:30:51.456+0000] {processor.py:830} INFO - Processing file /opt/airflow/dags/etl.py for tasks to queue
[2024-06-02T23:30:51.461+0000] {logging_mixin.py:188} INFO - [2024-06-02T23:30:51.460+0000] {dagbag.py:545} INFO - Filling up the DagBag from /opt/airflow/dags/etl.py
[2024-06-02T23:30:51.577+0000] {processor.py:840} INFO - DAG(s) 'AAAA' retrieved from /opt/airflow/dags/etl.py
[2024-06-02T23:30:51.738+0000] {logging_mixin.py:188} INFO - [2024-06-02T23:30:51.738+0000] {dag.py:3096} INFO - Sync 1 DAGs
[2024-06-02T23:30:51.901+0000] {logging_mixin.py:188} INFO - [2024-06-02T23:30:51.900+0000] {dag.py:3954} INFO - Setting next_dagrun for AAAA to None, run_after=None
[2024-06-02T23:30:52.157+0000] {processor.py:183} INFO - Processing /opt/airflow/dags/etl.py took 0.784 seconds
[2024-06-02T23:31:27.130+0000] {processor.py:161} INFO - Started process (PID=8990) to work on /opt/airflow/dags/etl.py
[2024-06-02T23:31:27.193+0000] {processor.py:830} INFO - Processing file /opt/airflow/dags/etl.py for tasks to queue
[2024-06-02T23:31:27.211+0000] {logging_mixin.py:188} INFO - [2024-06-02T23:31:27.210+0000] {dagbag.py:545} INFO - Filling up the DagBag from /opt/airflow/dags/etl.py
[2024-06-02T23:31:27.383+0000] {processor.py:840} INFO - DAG(s) 'AAAA' retrieved from /opt/airflow/dags/etl.py
[2024-06-02T23:31:27.614+0000] {logging_mixin.py:188} INFO - [2024-06-02T23:31:27.613+0000] {dag.py:3096} INFO - Sync 1 DAGs
[2024-06-02T23:31:27.743+0000] {logging_mixin.py:188} INFO - [2024-06-02T23:31:27.730+0000] {dag.py:3954} INFO - Setting next_dagrun for AAAA to None, run_after=None
[2024-06-02T23:31:28.210+0000] {processor.py:183} INFO - Processing /opt/airflow/dags/etl.py took 1.180 seconds
[2024-06-02T23:31:59.381+0000] {processor.py:161} INFO - Started process (PID=9041) to work on /opt/airflow/dags/etl.py
[2024-06-02T23:31:59.428+0000] {processor.py:830} INFO - Processing file /opt/airflow/dags/etl.py for tasks to queue
[2024-06-02T23:31:59.439+0000] {logging_mixin.py:188} INFO - [2024-06-02T23:31:59.437+0000] {dagbag.py:545} INFO - Filling up the DagBag from /opt/airflow/dags/etl.py
[2024-06-02T23:31:59.509+0000] {processor.py:840} INFO - DAG(s) 'AAAA' retrieved from /opt/airflow/dags/etl.py
[2024-06-02T23:31:59.718+0000] {logging_mixin.py:188} INFO - [2024-06-02T23:31:59.707+0000] {dag.py:3096} INFO - Sync 1 DAGs
[2024-06-02T23:31:59.846+0000] {logging_mixin.py:188} INFO - [2024-06-02T23:31:59.845+0000] {dag.py:3954} INFO - Setting next_dagrun for AAAA to None, run_after=None
[2024-06-02T23:31:59.980+0000] {processor.py:183} INFO - Processing /opt/airflow/dags/etl.py took 0.628 seconds
[2024-06-02T23:32:31.235+0000] {processor.py:161} INFO - Started process (PID=9100) to work on /opt/airflow/dags/etl.py
[2024-06-02T23:32:31.279+0000] {processor.py:830} INFO - Processing file /opt/airflow/dags/etl.py for tasks to queue
[2024-06-02T23:32:31.335+0000] {logging_mixin.py:188} INFO - [2024-06-02T23:32:31.334+0000] {dagbag.py:545} INFO - Filling up the DagBag from /opt/airflow/dags/etl.py
[2024-06-02T23:32:31.430+0000] {processor.py:840} INFO - DAG(s) 'AAAA' retrieved from /opt/airflow/dags/etl.py
[2024-06-02T23:32:31.584+0000] {logging_mixin.py:188} INFO - [2024-06-02T23:32:31.583+0000] {dag.py:3096} INFO - Sync 1 DAGs
[2024-06-02T23:32:31.740+0000] {logging_mixin.py:188} INFO - [2024-06-02T23:32:31.740+0000] {dag.py:3954} INFO - Setting next_dagrun for AAAA to None, run_after=None
[2024-06-02T23:32:32.105+0000] {processor.py:183} INFO - Processing /opt/airflow/dags/etl.py took 1.024 seconds
[2024-06-02T23:33:03.691+0000] {processor.py:161} INFO - Started process (PID=9155) to work on /opt/airflow/dags/etl.py
[2024-06-02T23:33:03.776+0000] {processor.py:830} INFO - Processing file /opt/airflow/dags/etl.py for tasks to queue
[2024-06-02T23:33:03.925+0000] {logging_mixin.py:188} INFO - [2024-06-02T23:33:03.924+0000] {dagbag.py:545} INFO - Filling up the DagBag from /opt/airflow/dags/etl.py
[2024-06-02T23:33:04.040+0000] {processor.py:840} INFO - DAG(s) 'AAAA' retrieved from /opt/airflow/dags/etl.py
[2024-06-02T23:33:04.195+0000] {logging_mixin.py:188} INFO - [2024-06-02T23:33:04.194+0000] {dag.py:3096} INFO - Sync 1 DAGs
[2024-06-02T23:33:04.421+0000] {logging_mixin.py:188} INFO - [2024-06-02T23:33:04.421+0000] {dag.py:3954} INFO - Setting next_dagrun for AAAA to None, run_after=None
[2024-06-02T23:33:04.585+0000] {processor.py:183} INFO - Processing /opt/airflow/dags/etl.py took 0.976 seconds
[2024-06-02T23:33:37.586+0000] {processor.py:161} INFO - Started process (PID=9214) to work on /opt/airflow/dags/etl.py
[2024-06-02T23:33:37.624+0000] {processor.py:830} INFO - Processing file /opt/airflow/dags/etl.py for tasks to queue
[2024-06-02T23:33:37.682+0000] {logging_mixin.py:188} INFO - [2024-06-02T23:33:37.681+0000] {dagbag.py:545} INFO - Filling up the DagBag from /opt/airflow/dags/etl.py
[2024-06-02T23:33:37.812+0000] {processor.py:840} INFO - DAG(s) 'AAAA' retrieved from /opt/airflow/dags/etl.py
[2024-06-02T23:33:38.116+0000] {logging_mixin.py:188} INFO - [2024-06-02T23:33:38.115+0000] {dag.py:3096} INFO - Sync 1 DAGs
[2024-06-02T23:33:38.280+0000] {logging_mixin.py:188} INFO - [2024-06-02T23:33:38.279+0000] {dag.py:3954} INFO - Setting next_dagrun for AAAA to None, run_after=None
[2024-06-02T23:33:38.781+0000] {processor.py:183} INFO - Processing /opt/airflow/dags/etl.py took 1.253 seconds
[2024-06-02T23:34:10.485+0000] {processor.py:161} INFO - Started process (PID=9271) to work on /opt/airflow/dags/etl.py
[2024-06-02T23:34:10.499+0000] {processor.py:830} INFO - Processing file /opt/airflow/dags/etl.py for tasks to queue
[2024-06-02T23:34:10.508+0000] {logging_mixin.py:188} INFO - [2024-06-02T23:34:10.507+0000] {dagbag.py:545} INFO - Filling up the DagBag from /opt/airflow/dags/etl.py
[2024-06-02T23:34:10.572+0000] {processor.py:840} INFO - DAG(s) 'AAAA' retrieved from /opt/airflow/dags/etl.py
[2024-06-02T23:34:10.703+0000] {logging_mixin.py:188} INFO - [2024-06-02T23:34:10.703+0000] {dag.py:3096} INFO - Sync 1 DAGs
[2024-06-02T23:34:10.833+0000] {logging_mixin.py:188} INFO - [2024-06-02T23:34:10.832+0000] {dag.py:3954} INFO - Setting next_dagrun for AAAA to None, run_after=None
[2024-06-02T23:34:10.968+0000] {processor.py:183} INFO - Processing /opt/airflow/dags/etl.py took 0.516 seconds
[2024-06-02T23:34:44.858+0000] {processor.py:161} INFO - Started process (PID=9323) to work on /opt/airflow/dags/etl.py
[2024-06-02T23:34:44.901+0000] {processor.py:830} INFO - Processing file /opt/airflow/dags/etl.py for tasks to queue
[2024-06-02T23:34:44.905+0000] {logging_mixin.py:188} INFO - [2024-06-02T23:34:44.904+0000] {dagbag.py:545} INFO - Filling up the DagBag from /opt/airflow/dags/etl.py
[2024-06-02T23:34:44.973+0000] {processor.py:840} INFO - DAG(s) 'AAAA' retrieved from /opt/airflow/dags/etl.py
[2024-06-02T23:34:45.106+0000] {logging_mixin.py:188} INFO - [2024-06-02T23:34:45.106+0000] {dag.py:3096} INFO - Sync 1 DAGs
[2024-06-02T23:34:45.249+0000] {logging_mixin.py:188} INFO - [2024-06-02T23:34:45.248+0000] {dag.py:3954} INFO - Setting next_dagrun for AAAA to None, run_after=None
[2024-06-02T23:34:45.427+0000] {processor.py:183} INFO - Processing /opt/airflow/dags/etl.py took 0.621 seconds
[2024-06-02T23:35:17.180+0000] {processor.py:161} INFO - Started process (PID=9374) to work on /opt/airflow/dags/etl.py
[2024-06-02T23:35:17.396+0000] {processor.py:830} INFO - Processing file /opt/airflow/dags/etl.py for tasks to queue
[2024-06-02T23:35:17.446+0000] {logging_mixin.py:188} INFO - [2024-06-02T23:35:17.444+0000] {dagbag.py:545} INFO - Filling up the DagBag from /opt/airflow/dags/etl.py
[2024-06-02T23:35:17.801+0000] {processor.py:840} INFO - DAG(s) 'AAAA' retrieved from /opt/airflow/dags/etl.py
[2024-06-02T23:35:17.988+0000] {logging_mixin.py:188} INFO - [2024-06-02T23:35:17.987+0000] {dag.py:3096} INFO - Sync 1 DAGs
[2024-06-02T23:35:18.224+0000] {logging_mixin.py:188} INFO - [2024-06-02T23:35:18.223+0000] {dag.py:3954} INFO - Setting next_dagrun for AAAA to None, run_after=None
[2024-06-02T23:35:18.492+0000] {processor.py:183} INFO - Processing /opt/airflow/dags/etl.py took 1.378 seconds
[2024-06-02T23:36:05.333+0000] {processor.py:161} INFO - Started process (PID=9430) to work on /opt/airflow/dags/etl.py
[2024-06-02T23:36:05.339+0000] {processor.py:830} INFO - Processing file /opt/airflow/dags/etl.py for tasks to queue
[2024-06-02T23:36:05.350+0000] {logging_mixin.py:188} INFO - [2024-06-02T23:36:05.349+0000] {dagbag.py:545} INFO - Filling up the DagBag from /opt/airflow/dags/etl.py
[2024-06-02T23:36:05.397+0000] {processor.py:840} INFO - DAG(s) 'AAAA' retrieved from /opt/airflow/dags/etl.py
[2024-06-02T23:36:05.526+0000] {logging_mixin.py:188} INFO - [2024-06-02T23:36:05.526+0000] {dag.py:3096} INFO - Sync 1 DAGs
[2024-06-02T23:36:05.630+0000] {logging_mixin.py:188} INFO - [2024-06-02T23:36:05.629+0000] {dag.py:3954} INFO - Setting next_dagrun for AAAA to None, run_after=None
[2024-06-02T23:36:05.772+0000] {processor.py:183} INFO - Processing /opt/airflow/dags/etl.py took 0.477 seconds
[2024-06-02T23:36:40.604+0000] {processor.py:161} INFO - Started process (PID=9483) to work on /opt/airflow/dags/etl.py
[2024-06-02T23:36:40.618+0000] {processor.py:830} INFO - Processing file /opt/airflow/dags/etl.py for tasks to queue
[2024-06-02T23:36:40.622+0000] {logging_mixin.py:188} INFO - [2024-06-02T23:36:40.621+0000] {dagbag.py:545} INFO - Filling up the DagBag from /opt/airflow/dags/etl.py
[2024-06-02T23:36:40.667+0000] {processor.py:840} INFO - DAG(s) 'AAAA' retrieved from /opt/airflow/dags/etl.py
[2024-06-02T23:36:40.745+0000] {logging_mixin.py:188} INFO - [2024-06-02T23:36:40.744+0000] {dag.py:3096} INFO - Sync 1 DAGs
[2024-06-02T23:36:40.822+0000] {logging_mixin.py:188} INFO - [2024-06-02T23:36:40.822+0000] {dag.py:3954} INFO - Setting next_dagrun for AAAA to None, run_after=None
[2024-06-02T23:36:40.973+0000] {processor.py:183} INFO - Processing /opt/airflow/dags/etl.py took 0.403 seconds
[2024-06-02T23:37:11.258+0000] {processor.py:161} INFO - Started process (PID=9542) to work on /opt/airflow/dags/etl.py
[2024-06-02T23:37:11.262+0000] {processor.py:830} INFO - Processing file /opt/airflow/dags/etl.py for tasks to queue
[2024-06-02T23:37:11.267+0000] {logging_mixin.py:188} INFO - [2024-06-02T23:37:11.265+0000] {dagbag.py:545} INFO - Filling up the DagBag from /opt/airflow/dags/etl.py
[2024-06-02T23:37:11.351+0000] {processor.py:840} INFO - DAG(s) 'AAAA' retrieved from /opt/airflow/dags/etl.py
[2024-06-02T23:37:11.537+0000] {logging_mixin.py:188} INFO - [2024-06-02T23:37:11.536+0000] {dag.py:3096} INFO - Sync 1 DAGs
[2024-06-02T23:37:11.649+0000] {logging_mixin.py:188} INFO - [2024-06-02T23:37:11.648+0000] {dag.py:3954} INFO - Setting next_dagrun for AAAA to None, run_after=None
[2024-06-02T23:37:11.817+0000] {processor.py:183} INFO - Processing /opt/airflow/dags/etl.py took 0.581 seconds
[2024-06-02T23:37:44.379+0000] {processor.py:161} INFO - Started process (PID=9596) to work on /opt/airflow/dags/etl.py
[2024-06-02T23:37:44.543+0000] {processor.py:830} INFO - Processing file /opt/airflow/dags/etl.py for tasks to queue
[2024-06-02T23:37:44.644+0000] {logging_mixin.py:188} INFO - [2024-06-02T23:37:44.643+0000] {dagbag.py:545} INFO - Filling up the DagBag from /opt/airflow/dags/etl.py
[2024-06-02T23:37:45.087+0000] {processor.py:840} INFO - DAG(s) 'AAAA' retrieved from /opt/airflow/dags/etl.py
[2024-06-02T23:37:45.262+0000] {logging_mixin.py:188} INFO - [2024-06-02T23:37:45.261+0000] {dag.py:3096} INFO - Sync 1 DAGs
[2024-06-02T23:37:45.425+0000] {logging_mixin.py:188} INFO - [2024-06-02T23:37:45.424+0000] {dag.py:3954} INFO - Setting next_dagrun for AAAA to None, run_after=None
[2024-06-02T23:37:45.605+0000] {processor.py:183} INFO - Processing /opt/airflow/dags/etl.py took 1.283 seconds
[2024-06-02T23:38:16.190+0000] {processor.py:161} INFO - Started process (PID=9655) to work on /opt/airflow/dags/etl.py
[2024-06-02T23:38:16.282+0000] {processor.py:830} INFO - Processing file /opt/airflow/dags/etl.py for tasks to queue
[2024-06-02T23:38:16.332+0000] {logging_mixin.py:188} INFO - [2024-06-02T23:38:16.331+0000] {dagbag.py:545} INFO - Filling up the DagBag from /opt/airflow/dags/etl.py
[2024-06-02T23:38:16.508+0000] {processor.py:840} INFO - DAG(s) 'AAAA' retrieved from /opt/airflow/dags/etl.py
[2024-06-02T23:38:16.706+0000] {logging_mixin.py:188} INFO - [2024-06-02T23:38:16.705+0000] {dag.py:3096} INFO - Sync 1 DAGs
[2024-06-02T23:38:16.862+0000] {logging_mixin.py:188} INFO - [2024-06-02T23:38:16.850+0000] {dag.py:3954} INFO - Setting next_dagrun for AAAA to None, run_after=None
[2024-06-02T23:38:17.059+0000] {processor.py:183} INFO - Processing /opt/airflow/dags/etl.py took 0.933 seconds
[2024-06-02T23:38:55.205+0000] {processor.py:161} INFO - Started process (PID=9706) to work on /opt/airflow/dags/etl.py
[2024-06-02T23:38:55.220+0000] {processor.py:830} INFO - Processing file /opt/airflow/dags/etl.py for tasks to queue
[2024-06-02T23:38:55.224+0000] {logging_mixin.py:188} INFO - [2024-06-02T23:38:55.223+0000] {dagbag.py:545} INFO - Filling up the DagBag from /opt/airflow/dags/etl.py
[2024-06-02T23:38:55.265+0000] {processor.py:840} INFO - DAG(s) 'AAAA' retrieved from /opt/airflow/dags/etl.py
[2024-06-02T23:38:55.429+0000] {logging_mixin.py:188} INFO - [2024-06-02T23:38:55.423+0000] {dag.py:3096} INFO - Sync 1 DAGs
[2024-06-02T23:38:55.544+0000] {logging_mixin.py:188} INFO - [2024-06-02T23:38:55.543+0000] {dag.py:3954} INFO - Setting next_dagrun for AAAA to None, run_after=None
[2024-06-02T23:38:55.679+0000] {processor.py:183} INFO - Processing /opt/airflow/dags/etl.py took 0.510 seconds
[2024-06-02T23:39:31.996+0000] {processor.py:161} INFO - Started process (PID=9770) to work on /opt/airflow/dags/etl.py
[2024-06-02T23:39:32.037+0000] {processor.py:830} INFO - Processing file /opt/airflow/dags/etl.py for tasks to queue
[2024-06-02T23:39:32.045+0000] {logging_mixin.py:188} INFO - [2024-06-02T23:39:32.044+0000] {dagbag.py:545} INFO - Filling up the DagBag from /opt/airflow/dags/etl.py
[2024-06-02T23:39:32.142+0000] {processor.py:840} INFO - DAG(s) 'AAAA' retrieved from /opt/airflow/dags/etl.py
[2024-06-02T23:39:32.299+0000] {logging_mixin.py:188} INFO - [2024-06-02T23:39:32.287+0000] {dag.py:3096} INFO - Sync 1 DAGs
[2024-06-02T23:39:32.432+0000] {logging_mixin.py:188} INFO - [2024-06-02T23:39:32.431+0000] {dag.py:3954} INFO - Setting next_dagrun for AAAA to None, run_after=None
[2024-06-02T23:39:32.625+0000] {processor.py:183} INFO - Processing /opt/airflow/dags/etl.py took 0.689 seconds
[2024-06-02T23:40:11.576+0000] {processor.py:161} INFO - Started process (PID=9815) to work on /opt/airflow/dags/etl.py
[2024-06-02T23:40:11.592+0000] {processor.py:830} INFO - Processing file /opt/airflow/dags/etl.py for tasks to queue
[2024-06-02T23:40:11.603+0000] {logging_mixin.py:188} INFO - [2024-06-02T23:40:11.602+0000] {dagbag.py:545} INFO - Filling up the DagBag from /opt/airflow/dags/etl.py
[2024-06-02T23:40:11.668+0000] {processor.py:840} INFO - DAG(s) 'AAAA' retrieved from /opt/airflow/dags/etl.py
[2024-06-02T23:40:11.946+0000] {logging_mixin.py:188} INFO - [2024-06-02T23:40:11.945+0000] {dag.py:3096} INFO - Sync 1 DAGs
[2024-06-02T23:40:12.091+0000] {logging_mixin.py:188} INFO - [2024-06-02T23:40:12.091+0000] {dag.py:3954} INFO - Setting next_dagrun for AAAA to None, run_after=None
[2024-06-02T23:40:12.365+0000] {processor.py:183} INFO - Processing /opt/airflow/dags/etl.py took 0.839 seconds
[2024-06-02T23:40:44.620+0000] {processor.py:161} INFO - Started process (PID=9869) to work on /opt/airflow/dags/etl.py
[2024-06-02T23:40:44.635+0000] {processor.py:830} INFO - Processing file /opt/airflow/dags/etl.py for tasks to queue
[2024-06-02T23:40:44.650+0000] {logging_mixin.py:188} INFO - [2024-06-02T23:40:44.649+0000] {dagbag.py:545} INFO - Filling up the DagBag from /opt/airflow/dags/etl.py
[2024-06-02T23:40:44.724+0000] {processor.py:840} INFO - DAG(s) 'AAAA' retrieved from /opt/airflow/dags/etl.py
[2024-06-02T23:40:44.846+0000] {logging_mixin.py:188} INFO - [2024-06-02T23:40:44.846+0000] {dag.py:3096} INFO - Sync 1 DAGs
[2024-06-02T23:40:44.940+0000] {logging_mixin.py:188} INFO - [2024-06-02T23:40:44.939+0000] {dag.py:3954} INFO - Setting next_dagrun for AAAA to None, run_after=None
[2024-06-02T23:40:45.033+0000] {processor.py:183} INFO - Processing /opt/airflow/dags/etl.py took 0.463 seconds
[2024-06-02T23:41:18.901+0000] {processor.py:161} INFO - Started process (PID=9925) to work on /opt/airflow/dags/etl.py
[2024-06-02T23:41:18.916+0000] {processor.py:830} INFO - Processing file /opt/airflow/dags/etl.py for tasks to queue
[2024-06-02T23:41:18.934+0000] {logging_mixin.py:188} INFO - [2024-06-02T23:41:18.933+0000] {dagbag.py:545} INFO - Filling up the DagBag from /opt/airflow/dags/etl.py
[2024-06-02T23:41:19.020+0000] {processor.py:840} INFO - DAG(s) 'AAAA' retrieved from /opt/airflow/dags/etl.py
[2024-06-02T23:41:19.173+0000] {logging_mixin.py:188} INFO - [2024-06-02T23:41:19.172+0000] {dag.py:3096} INFO - Sync 1 DAGs
[2024-06-02T23:41:19.269+0000] {logging_mixin.py:188} INFO - [2024-06-02T23:41:19.268+0000] {dag.py:3954} INFO - Setting next_dagrun for AAAA to None, run_after=None
[2024-06-02T23:41:19.492+0000] {processor.py:183} INFO - Processing /opt/airflow/dags/etl.py took 0.654 seconds
[2024-06-02T23:41:59.338+0000] {processor.py:161} INFO - Started process (PID=9981) to work on /opt/airflow/dags/etl.py
[2024-06-02T23:41:59.394+0000] {processor.py:830} INFO - Processing file /opt/airflow/dags/etl.py for tasks to queue
[2024-06-02T23:41:59.601+0000] {logging_mixin.py:188} INFO - [2024-06-02T23:41:59.599+0000] {dagbag.py:545} INFO - Filling up the DagBag from /opt/airflow/dags/etl.py
[2024-06-02T23:41:59.781+0000] {processor.py:840} INFO - DAG(s) 'AAAA' retrieved from /opt/airflow/dags/etl.py
[2024-06-02T23:41:59.957+0000] {logging_mixin.py:188} INFO - [2024-06-02T23:41:59.956+0000] {dag.py:3096} INFO - Sync 1 DAGs
[2024-06-02T23:42:00.151+0000] {logging_mixin.py:188} INFO - [2024-06-02T23:42:00.150+0000] {dag.py:3954} INFO - Setting next_dagrun for AAAA to None, run_after=None
[2024-06-02T23:42:00.544+0000] {processor.py:183} INFO - Processing /opt/airflow/dags/etl.py took 1.256 seconds
[2024-06-02T23:42:31.859+0000] {processor.py:161} INFO - Started process (PID=10019) to work on /opt/airflow/dags/etl.py
[2024-06-02T23:42:31.904+0000] {processor.py:830} INFO - Processing file /opt/airflow/dags/etl.py for tasks to queue
[2024-06-02T23:42:31.922+0000] {logging_mixin.py:188} INFO - [2024-06-02T23:42:31.921+0000] {dagbag.py:545} INFO - Filling up the DagBag from /opt/airflow/dags/etl.py
[2024-06-02T23:42:32.079+0000] {processor.py:840} INFO - DAG(s) 'AAAA' retrieved from /opt/airflow/dags/etl.py
[2024-06-02T23:42:32.278+0000] {logging_mixin.py:188} INFO - [2024-06-02T23:42:32.277+0000] {dag.py:3096} INFO - Sync 1 DAGs
[2024-06-02T23:42:32.450+0000] {logging_mixin.py:188} INFO - [2024-06-02T23:42:32.450+0000] {dag.py:3954} INFO - Setting next_dagrun for AAAA to None, run_after=None
[2024-06-02T23:42:32.908+0000] {processor.py:183} INFO - Processing /opt/airflow/dags/etl.py took 1.118 seconds
[2024-06-02T23:43:03.876+0000] {processor.py:161} INFO - Started process (PID=10078) to work on /opt/airflow/dags/etl.py
[2024-06-02T23:43:03.917+0000] {processor.py:830} INFO - Processing file /opt/airflow/dags/etl.py for tasks to queue
[2024-06-02T23:43:03.934+0000] {logging_mixin.py:188} INFO - [2024-06-02T23:43:03.933+0000] {dagbag.py:545} INFO - Filling up the DagBag from /opt/airflow/dags/etl.py
[2024-06-02T23:43:04.204+0000] {processor.py:840} INFO - DAG(s) 'AAAA' retrieved from /opt/airflow/dags/etl.py
[2024-06-02T23:43:04.555+0000] {logging_mixin.py:188} INFO - [2024-06-02T23:43:04.543+0000] {dag.py:3096} INFO - Sync 1 DAGs
[2024-06-02T23:43:04.781+0000] {logging_mixin.py:188} INFO - [2024-06-02T23:43:04.780+0000] {dag.py:3954} INFO - Setting next_dagrun for AAAA to None, run_after=None
[2024-06-02T23:43:05.074+0000] {processor.py:183} INFO - Processing /opt/airflow/dags/etl.py took 1.237 seconds
[2024-06-02T23:43:36.231+0000] {processor.py:161} INFO - Started process (PID=10142) to work on /opt/airflow/dags/etl.py
[2024-06-02T23:43:36.252+0000] {processor.py:830} INFO - Processing file /opt/airflow/dags/etl.py for tasks to queue
[2024-06-02T23:43:36.260+0000] {logging_mixin.py:188} INFO - [2024-06-02T23:43:36.258+0000] {dagbag.py:545} INFO - Filling up the DagBag from /opt/airflow/dags/etl.py
[2024-06-02T23:43:36.315+0000] {processor.py:840} INFO - DAG(s) 'AAAA' retrieved from /opt/airflow/dags/etl.py
[2024-06-02T23:43:36.429+0000] {logging_mixin.py:188} INFO - [2024-06-02T23:43:36.428+0000] {dag.py:3096} INFO - Sync 1 DAGs
[2024-06-02T23:43:36.569+0000] {logging_mixin.py:188} INFO - [2024-06-02T23:43:36.569+0000] {dag.py:3954} INFO - Setting next_dagrun for AAAA to None, run_after=None
[2024-06-02T23:43:36.723+0000] {processor.py:183} INFO - Processing /opt/airflow/dags/etl.py took 0.530 seconds
[2024-06-02T23:44:10.535+0000] {processor.py:161} INFO - Started process (PID=10198) to work on /opt/airflow/dags/etl.py
[2024-06-02T23:44:10.790+0000] {processor.py:830} INFO - Processing file /opt/airflow/dags/etl.py for tasks to queue
[2024-06-02T23:44:10.952+0000] {logging_mixin.py:188} INFO - [2024-06-02T23:44:10.951+0000] {dagbag.py:545} INFO - Filling up the DagBag from /opt/airflow/dags/etl.py
[2024-06-02T23:44:11.331+0000] {processor.py:840} INFO - DAG(s) 'AAAA' retrieved from /opt/airflow/dags/etl.py
[2024-06-02T23:44:11.585+0000] {logging_mixin.py:188} INFO - [2024-06-02T23:44:11.585+0000] {dag.py:3096} INFO - Sync 1 DAGs
[2024-06-02T23:44:11.698+0000] {logging_mixin.py:188} INFO - [2024-06-02T23:44:11.686+0000] {dag.py:3954} INFO - Setting next_dagrun for AAAA to None, run_after=None
[2024-06-02T23:44:12.048+0000] {processor.py:183} INFO - Processing /opt/airflow/dags/etl.py took 1.577 seconds
[2024-06-02T23:44:45.991+0000] {processor.py:161} INFO - Started process (PID=10241) to work on /opt/airflow/dags/etl.py
[2024-06-02T23:44:46.025+0000] {processor.py:830} INFO - Processing file /opt/airflow/dags/etl.py for tasks to queue
[2024-06-02T23:44:46.043+0000] {logging_mixin.py:188} INFO - [2024-06-02T23:44:46.042+0000] {dagbag.py:545} INFO - Filling up the DagBag from /opt/airflow/dags/etl.py
[2024-06-02T23:44:46.204+0000] {processor.py:840} INFO - DAG(s) 'AAAA' retrieved from /opt/airflow/dags/etl.py
[2024-06-02T23:44:46.382+0000] {logging_mixin.py:188} INFO - [2024-06-02T23:44:46.382+0000] {dag.py:3096} INFO - Sync 1 DAGs
[2024-06-02T23:44:46.580+0000] {logging_mixin.py:188} INFO - [2024-06-02T23:44:46.579+0000] {dag.py:3954} INFO - Setting next_dagrun for AAAA to None, run_after=None
[2024-06-02T23:44:46.903+0000] {processor.py:183} INFO - Processing /opt/airflow/dags/etl.py took 0.995 seconds
[2024-06-02T23:45:18.380+0000] {processor.py:161} INFO - Started process (PID=10281) to work on /opt/airflow/dags/etl.py
[2024-06-02T23:45:18.386+0000] {processor.py:830} INFO - Processing file /opt/airflow/dags/etl.py for tasks to queue
[2024-06-02T23:45:18.397+0000] {logging_mixin.py:188} INFO - [2024-06-02T23:45:18.396+0000] {dagbag.py:545} INFO - Filling up the DagBag from /opt/airflow/dags/etl.py
[2024-06-02T23:45:18.474+0000] {processor.py:840} INFO - DAG(s) 'AAAA' retrieved from /opt/airflow/dags/etl.py
[2024-06-02T23:45:18.682+0000] {logging_mixin.py:188} INFO - [2024-06-02T23:45:18.682+0000] {dag.py:3096} INFO - Sync 1 DAGs
[2024-06-02T23:45:18.841+0000] {logging_mixin.py:188} INFO - [2024-06-02T23:45:18.829+0000] {dag.py:3954} INFO - Setting next_dagrun for AAAA to None, run_after=None
[2024-06-02T23:45:19.050+0000] {processor.py:183} INFO - Processing /opt/airflow/dags/etl.py took 0.721 seconds
[2024-06-02T23:45:49.708+0000] {processor.py:161} INFO - Started process (PID=10339) to work on /opt/airflow/dags/etl.py
[2024-06-02T23:45:49.802+0000] {processor.py:830} INFO - Processing file /opt/airflow/dags/etl.py for tasks to queue
[2024-06-02T23:45:49.820+0000] {logging_mixin.py:188} INFO - [2024-06-02T23:45:49.819+0000] {dagbag.py:545} INFO - Filling up the DagBag from /opt/airflow/dags/etl.py
[2024-06-02T23:45:49.971+0000] {processor.py:840} INFO - DAG(s) 'AAAA' retrieved from /opt/airflow/dags/etl.py
[2024-06-02T23:45:50.160+0000] {logging_mixin.py:188} INFO - [2024-06-02T23:45:50.159+0000] {dag.py:3096} INFO - Sync 1 DAGs
[2024-06-02T23:45:50.354+0000] {logging_mixin.py:188} INFO - [2024-06-02T23:45:50.338+0000] {dag.py:3954} INFO - Setting next_dagrun for AAAA to None, run_after=None
[2024-06-02T23:45:50.544+0000] {processor.py:183} INFO - Processing /opt/airflow/dags/etl.py took 0.881 seconds
[2024-06-02T23:46:23.903+0000] {processor.py:161} INFO - Started process (PID=10385) to work on /opt/airflow/dags/etl.py
[2024-06-02T23:46:24.125+0000] {processor.py:830} INFO - Processing file /opt/airflow/dags/etl.py for tasks to queue
[2024-06-02T23:46:24.140+0000] {logging_mixin.py:188} INFO - [2024-06-02T23:46:24.139+0000] {dagbag.py:545} INFO - Filling up the DagBag from /opt/airflow/dags/etl.py
[2024-06-02T23:46:24.577+0000] {processor.py:840} INFO - DAG(s) 'AAAA' retrieved from /opt/airflow/dags/etl.py
[2024-06-02T23:46:24.773+0000] {logging_mixin.py:188} INFO - [2024-06-02T23:46:24.761+0000] {dag.py:3096} INFO - Sync 1 DAGs
[2024-06-02T23:46:24.959+0000] {logging_mixin.py:188} INFO - [2024-06-02T23:46:24.958+0000] {dag.py:3954} INFO - Setting next_dagrun for AAAA to None, run_after=None
[2024-06-02T23:46:25.388+0000] {processor.py:183} INFO - Processing /opt/airflow/dags/etl.py took 1.537 seconds
[2024-06-02T23:47:01.463+0000] {processor.py:161} INFO - Started process (PID=10440) to work on /opt/airflow/dags/etl.py
[2024-06-02T23:47:01.479+0000] {processor.py:830} INFO - Processing file /opt/airflow/dags/etl.py for tasks to queue
[2024-06-02T23:47:01.491+0000] {logging_mixin.py:188} INFO - [2024-06-02T23:47:01.490+0000] {dagbag.py:545} INFO - Filling up the DagBag from /opt/airflow/dags/etl.py
[2024-06-02T23:47:01.587+0000] {processor.py:840} INFO - DAG(s) 'AAAA' retrieved from /opt/airflow/dags/etl.py
[2024-06-02T23:47:01.705+0000] {logging_mixin.py:188} INFO - [2024-06-02T23:47:01.704+0000] {dag.py:3096} INFO - Sync 1 DAGs
[2024-06-02T23:47:01.842+0000] {logging_mixin.py:188} INFO - [2024-06-02T23:47:01.841+0000] {dag.py:3954} INFO - Setting next_dagrun for AAAA to None, run_after=None
[2024-06-02T23:47:02.050+0000] {processor.py:183} INFO - Processing /opt/airflow/dags/etl.py took 0.626 seconds
[2024-06-02T23:47:37.107+0000] {processor.py:161} INFO - Started process (PID=10484) to work on /opt/airflow/dags/etl.py
[2024-06-02T23:47:37.157+0000] {processor.py:830} INFO - Processing file /opt/airflow/dags/etl.py for tasks to queue
[2024-06-02T23:47:37.221+0000] {logging_mixin.py:188} INFO - [2024-06-02T23:47:37.207+0000] {dagbag.py:545} INFO - Filling up the DagBag from /opt/airflow/dags/etl.py
[2024-06-02T23:47:37.368+0000] {processor.py:840} INFO - DAG(s) 'AAAA' retrieved from /opt/airflow/dags/etl.py
[2024-06-02T23:47:37.595+0000] {logging_mixin.py:188} INFO - [2024-06-02T23:47:37.595+0000] {dag.py:3096} INFO - Sync 1 DAGs
[2024-06-02T23:47:37.747+0000] {logging_mixin.py:188} INFO - [2024-06-02T23:47:37.746+0000] {dag.py:3954} INFO - Setting next_dagrun for AAAA to None, run_after=None
[2024-06-02T23:47:37.903+0000] {processor.py:183} INFO - Processing /opt/airflow/dags/etl.py took 0.888 seconds
[2024-06-02T23:48:13.138+0000] {processor.py:161} INFO - Started process (PID=10549) to work on /opt/airflow/dags/etl.py
[2024-06-02T23:48:13.239+0000] {processor.py:830} INFO - Processing file /opt/airflow/dags/etl.py for tasks to queue
[2024-06-02T23:48:13.247+0000] {logging_mixin.py:188} INFO - [2024-06-02T23:48:13.245+0000] {dagbag.py:545} INFO - Filling up the DagBag from /opt/airflow/dags/etl.py
[2024-06-02T23:48:13.342+0000] {processor.py:840} INFO - DAG(s) 'AAAA' retrieved from /opt/airflow/dags/etl.py
[2024-06-02T23:48:13.520+0000] {logging_mixin.py:188} INFO - [2024-06-02T23:48:13.520+0000] {dag.py:3096} INFO - Sync 1 DAGs
[2024-06-02T23:48:13.677+0000] {logging_mixin.py:188} INFO - [2024-06-02T23:48:13.676+0000] {dag.py:3954} INFO - Setting next_dagrun for AAAA to None, run_after=None
[2024-06-02T23:48:14.454+0000] {processor.py:183} INFO - Processing /opt/airflow/dags/etl.py took 1.354 seconds
[2024-06-02T23:48:49.467+0000] {processor.py:161} INFO - Started process (PID=10604) to work on /opt/airflow/dags/etl.py
[2024-06-02T23:48:49.507+0000] {processor.py:830} INFO - Processing file /opt/airflow/dags/etl.py for tasks to queue
[2024-06-02T23:48:49.526+0000] {logging_mixin.py:188} INFO - [2024-06-02T23:48:49.525+0000] {dagbag.py:545} INFO - Filling up the DagBag from /opt/airflow/dags/etl.py
[2024-06-02T23:48:49.609+0000] {processor.py:840} INFO - DAG(s) 'AAAA' retrieved from /opt/airflow/dags/etl.py
[2024-06-02T23:48:49.823+0000] {logging_mixin.py:188} INFO - [2024-06-02T23:48:49.813+0000] {dag.py:3096} INFO - Sync 1 DAGs
[2024-06-02T23:48:50.266+0000] {logging_mixin.py:188} INFO - [2024-06-02T23:48:50.265+0000] {dag.py:3954} INFO - Setting next_dagrun for AAAA to None, run_after=None
[2024-06-02T23:48:50.735+0000] {processor.py:183} INFO - Processing /opt/airflow/dags/etl.py took 1.308 seconds
[2024-06-02T23:49:21.508+0000] {processor.py:161} INFO - Started process (PID=10659) to work on /opt/airflow/dags/etl.py
[2024-06-02T23:49:21.522+0000] {processor.py:830} INFO - Processing file /opt/airflow/dags/etl.py for tasks to queue
[2024-06-02T23:49:21.546+0000] {logging_mixin.py:188} INFO - [2024-06-02T23:49:21.545+0000] {dagbag.py:545} INFO - Filling up the DagBag from /opt/airflow/dags/etl.py
[2024-06-02T23:49:21.615+0000] {processor.py:840} INFO - DAG(s) 'AAAA' retrieved from /opt/airflow/dags/etl.py
[2024-06-02T23:49:21.779+0000] {logging_mixin.py:188} INFO - [2024-06-02T23:49:21.779+0000] {dag.py:3096} INFO - Sync 1 DAGs
[2024-06-02T23:49:21.878+0000] {logging_mixin.py:188} INFO - [2024-06-02T23:49:21.866+0000] {dag.py:3954} INFO - Setting next_dagrun for AAAA to None, run_after=None
[2024-06-02T23:49:22.024+0000] {processor.py:183} INFO - Processing /opt/airflow/dags/etl.py took 0.540 seconds
[2024-06-02T23:49:52.951+0000] {processor.py:161} INFO - Started process (PID=10716) to work on /opt/airflow/dags/etl.py
[2024-06-02T23:49:52.963+0000] {processor.py:830} INFO - Processing file /opt/airflow/dags/etl.py for tasks to queue
[2024-06-02T23:49:53.018+0000] {logging_mixin.py:188} INFO - [2024-06-02T23:49:53.017+0000] {dagbag.py:545} INFO - Filling up the DagBag from /opt/airflow/dags/etl.py
[2024-06-02T23:49:53.188+0000] {processor.py:840} INFO - DAG(s) 'AAAA' retrieved from /opt/airflow/dags/etl.py
[2024-06-02T23:49:53.364+0000] {logging_mixin.py:188} INFO - [2024-06-02T23:49:53.363+0000] {dag.py:3096} INFO - Sync 1 DAGs
[2024-06-02T23:49:53.499+0000] {logging_mixin.py:188} INFO - [2024-06-02T23:49:53.498+0000] {dag.py:3954} INFO - Setting next_dagrun for AAAA to None, run_after=None
[2024-06-02T23:49:53.632+0000] {processor.py:183} INFO - Processing /opt/airflow/dags/etl.py took 0.729 seconds
[2024-06-02T23:50:25.502+0000] {processor.py:161} INFO - Started process (PID=10775) to work on /opt/airflow/dags/etl.py
[2024-06-02T23:50:25.630+0000] {processor.py:830} INFO - Processing file /opt/airflow/dags/etl.py for tasks to queue
[2024-06-02T23:50:25.723+0000] {logging_mixin.py:188} INFO - [2024-06-02T23:50:25.721+0000] {dagbag.py:545} INFO - Filling up the DagBag from /opt/airflow/dags/etl.py
[2024-06-02T23:50:26.203+0000] {processor.py:840} INFO - DAG(s) 'AAAA' retrieved from /opt/airflow/dags/etl.py
[2024-06-02T23:50:26.341+0000] {logging_mixin.py:188} INFO - [2024-06-02T23:50:26.340+0000] {dag.py:3096} INFO - Sync 1 DAGs
[2024-06-02T23:50:26.508+0000] {logging_mixin.py:188} INFO - [2024-06-02T23:50:26.495+0000] {dag.py:3954} INFO - Setting next_dagrun for AAAA to None, run_after=None
[2024-06-02T23:50:26.698+0000] {processor.py:183} INFO - Processing /opt/airflow/dags/etl.py took 1.325 seconds
[2024-06-02T23:51:08.783+0000] {processor.py:161} INFO - Started process (PID=10833) to work on /opt/airflow/dags/etl.py
[2024-06-02T23:51:08.902+0000] {processor.py:830} INFO - Processing file /opt/airflow/dags/etl.py for tasks to queue
[2024-06-02T23:51:09.074+0000] {logging_mixin.py:188} INFO - [2024-06-02T23:51:09.073+0000] {dagbag.py:545} INFO - Filling up the DagBag from /opt/airflow/dags/etl.py
[2024-06-02T23:51:09.622+0000] {processor.py:840} INFO - DAG(s) 'AAAA' retrieved from /opt/airflow/dags/etl.py
[2024-06-02T23:51:10.112+0000] {logging_mixin.py:188} INFO - [2024-06-02T23:51:10.068+0000] {dag.py:3096} INFO - Sync 1 DAGs
[2024-06-02T23:51:10.498+0000] {logging_mixin.py:188} INFO - [2024-06-02T23:51:10.498+0000] {dag.py:3954} INFO - Setting next_dagrun for AAAA to None, run_after=None
[2024-06-02T23:51:10.875+0000] {processor.py:183} INFO - Processing /opt/airflow/dags/etl.py took 2.129 seconds
[2024-06-02T23:51:42.458+0000] {processor.py:161} INFO - Started process (PID=10892) to work on /opt/airflow/dags/etl.py
[2024-06-02T23:51:42.514+0000] {processor.py:830} INFO - Processing file /opt/airflow/dags/etl.py for tasks to queue
[2024-06-02T23:51:42.518+0000] {logging_mixin.py:188} INFO - [2024-06-02T23:51:42.517+0000] {dagbag.py:545} INFO - Filling up the DagBag from /opt/airflow/dags/etl.py
[2024-06-02T23:51:42.723+0000] {processor.py:840} INFO - DAG(s) 'AAAA' retrieved from /opt/airflow/dags/etl.py
[2024-06-02T23:51:43.014+0000] {logging_mixin.py:188} INFO - [2024-06-02T23:51:43.014+0000] {dag.py:3096} INFO - Sync 1 DAGs
[2024-06-02T23:51:43.101+0000] {logging_mixin.py:188} INFO - [2024-06-02T23:51:43.100+0000] {dag.py:3954} INFO - Setting next_dagrun for AAAA to None, run_after=None
[2024-06-02T23:51:43.202+0000] {processor.py:183} INFO - Processing /opt/airflow/dags/etl.py took 0.796 seconds
[2024-06-02T23:52:23.783+0000] {processor.py:161} INFO - Started process (PID=10935) to work on /opt/airflow/dags/etl.py
[2024-06-02T23:52:23.830+0000] {processor.py:830} INFO - Processing file /opt/airflow/dags/etl.py for tasks to queue
[2024-06-02T23:52:23.847+0000] {logging_mixin.py:188} INFO - [2024-06-02T23:52:23.846+0000] {dagbag.py:545} INFO - Filling up the DagBag from /opt/airflow/dags/etl.py
[2024-06-02T23:52:24.420+0000] {processor.py:840} INFO - DAG(s) 'AAAA' retrieved from /opt/airflow/dags/etl.py
[2024-06-02T23:52:24.730+0000] {logging_mixin.py:188} INFO - [2024-06-02T23:52:24.729+0000] {dag.py:3096} INFO - Sync 1 DAGs
[2024-06-02T23:52:25.229+0000] {logging_mixin.py:188} INFO - [2024-06-02T23:52:25.228+0000] {dag.py:3954} INFO - Setting next_dagrun for AAAA to None, run_after=None
[2024-06-02T23:52:25.508+0000] {processor.py:183} INFO - Processing /opt/airflow/dags/etl.py took 1.883 seconds
[2024-06-02T23:53:28.706+0000] {processor.py:161} INFO - Started process (PID=10996) to work on /opt/airflow/dags/etl.py
[2024-06-02T23:53:28.863+0000] {processor.py:830} INFO - Processing file /opt/airflow/dags/etl.py for tasks to queue
[2024-06-02T23:53:29.012+0000] {logging_mixin.py:188} INFO - [2024-06-02T23:53:29.011+0000] {dagbag.py:545} INFO - Filling up the DagBag from /opt/airflow/dags/etl.py
[2024-06-02T23:53:30.711+0000] {processor.py:840} INFO - DAG(s) 'AAAA' retrieved from /opt/airflow/dags/etl.py
[2024-06-02T23:53:31.271+0000] {logging_mixin.py:188} INFO - [2024-06-02T23:53:31.270+0000] {dag.py:3096} INFO - Sync 1 DAGs
[2024-06-02T23:53:31.512+0000] {logging_mixin.py:188} INFO - [2024-06-02T23:53:31.500+0000] {dag.py:3954} INFO - Setting next_dagrun for AAAA to None, run_after=None
[2024-06-02T23:53:31.681+0000] {processor.py:183} INFO - Processing /opt/airflow/dags/etl.py took 3.138 seconds
[2024-06-02T23:54:15.519+0000] {processor.py:161} INFO - Started process (PID=11057) to work on /opt/airflow/dags/etl.py
[2024-06-02T23:54:15.544+0000] {processor.py:830} INFO - Processing file /opt/airflow/dags/etl.py for tasks to queue
[2024-06-02T23:54:15.554+0000] {logging_mixin.py:188} INFO - [2024-06-02T23:54:15.552+0000] {dagbag.py:545} INFO - Filling up the DagBag from /opt/airflow/dags/etl.py
[2024-06-02T23:54:15.679+0000] {processor.py:840} INFO - DAG(s) 'AAAA' retrieved from /opt/airflow/dags/etl.py
[2024-06-02T23:54:15.884+0000] {logging_mixin.py:188} INFO - [2024-06-02T23:54:15.883+0000] {dag.py:3096} INFO - Sync 1 DAGs
[2024-06-02T23:54:17.238+0000] {logging_mixin.py:188} INFO - [2024-06-02T23:54:17.236+0000] {dag.py:3954} INFO - Setting next_dagrun for AAAA to None, run_after=None
[2024-06-02T23:54:17.454+0000] {processor.py:183} INFO - Processing /opt/airflow/dags/etl.py took 1.974 seconds
[2024-06-02T23:54:56.775+0000] {processor.py:161} INFO - Started process (PID=11117) to work on /opt/airflow/dags/etl.py
[2024-06-02T23:54:56.849+0000] {processor.py:830} INFO - Processing file /opt/airflow/dags/etl.py for tasks to queue
[2024-06-02T23:54:56.895+0000] {logging_mixin.py:188} INFO - [2024-06-02T23:54:56.894+0000] {dagbag.py:545} INFO - Filling up the DagBag from /opt/airflow/dags/etl.py
[2024-06-02T23:54:57.044+0000] {processor.py:840} INFO - DAG(s) 'AAAA' retrieved from /opt/airflow/dags/etl.py
[2024-06-02T23:54:57.240+0000] {logging_mixin.py:188} INFO - [2024-06-02T23:54:57.239+0000] {dag.py:3096} INFO - Sync 1 DAGs
[2024-06-02T23:54:57.401+0000] {logging_mixin.py:188} INFO - [2024-06-02T23:54:57.400+0000] {dag.py:3954} INFO - Setting next_dagrun for AAAA to None, run_after=None
[2024-06-02T23:54:57.727+0000] {processor.py:183} INFO - Processing /opt/airflow/dags/etl.py took 1.007 seconds
[2024-06-02T23:55:31.118+0000] {processor.py:161} INFO - Started process (PID=11171) to work on /opt/airflow/dags/etl.py
[2024-06-02T23:55:31.163+0000] {processor.py:830} INFO - Processing file /opt/airflow/dags/etl.py for tasks to queue
[2024-06-02T23:55:31.213+0000] {logging_mixin.py:188} INFO - [2024-06-02T23:55:31.211+0000] {dagbag.py:545} INFO - Filling up the DagBag from /opt/airflow/dags/etl.py
[2024-06-02T23:55:31.427+0000] {processor.py:840} INFO - DAG(s) 'AAAA' retrieved from /opt/airflow/dags/etl.py
[2024-06-02T23:55:31.644+0000] {logging_mixin.py:188} INFO - [2024-06-02T23:55:31.644+0000] {dag.py:3096} INFO - Sync 1 DAGs
[2024-06-02T23:55:31.786+0000] {logging_mixin.py:188} INFO - [2024-06-02T23:55:31.785+0000] {dag.py:3954} INFO - Setting next_dagrun for AAAA to None, run_after=None
[2024-06-02T23:55:32.323+0000] {processor.py:183} INFO - Processing /opt/airflow/dags/etl.py took 1.286 seconds
[2024-06-02T23:56:06.243+0000] {processor.py:161} INFO - Started process (PID=11225) to work on /opt/airflow/dags/etl.py
[2024-06-02T23:56:06.284+0000] {processor.py:830} INFO - Processing file /opt/airflow/dags/etl.py for tasks to queue
[2024-06-02T23:56:06.292+0000] {logging_mixin.py:188} INFO - [2024-06-02T23:56:06.291+0000] {dagbag.py:545} INFO - Filling up the DagBag from /opt/airflow/dags/etl.py
[2024-06-02T23:56:06.456+0000] {processor.py:840} INFO - DAG(s) 'AAAA' retrieved from /opt/airflow/dags/etl.py
[2024-06-02T23:56:06.627+0000] {logging_mixin.py:188} INFO - [2024-06-02T23:56:06.626+0000] {dag.py:3096} INFO - Sync 1 DAGs
[2024-06-02T23:56:06.739+0000] {logging_mixin.py:188} INFO - [2024-06-02T23:56:06.738+0000] {dag.py:3954} INFO - Setting next_dagrun for AAAA to None, run_after=None
[2024-06-02T23:56:06.884+0000] {processor.py:183} INFO - Processing /opt/airflow/dags/etl.py took 0.686 seconds
[2024-06-02T23:56:37.265+0000] {processor.py:161} INFO - Started process (PID=11281) to work on /opt/airflow/dags/etl.py
[2024-06-02T23:56:37.277+0000] {processor.py:830} INFO - Processing file /opt/airflow/dags/etl.py for tasks to queue
[2024-06-02T23:56:37.282+0000] {logging_mixin.py:188} INFO - [2024-06-02T23:56:37.281+0000] {dagbag.py:545} INFO - Filling up the DagBag from /opt/airflow/dags/etl.py
[2024-06-02T23:56:37.328+0000] {processor.py:840} INFO - DAG(s) 'AAAA' retrieved from /opt/airflow/dags/etl.py
[2024-06-02T23:56:37.403+0000] {logging_mixin.py:188} INFO - [2024-06-02T23:56:37.402+0000] {dag.py:3096} INFO - Sync 1 DAGs
[2024-06-02T23:56:37.471+0000] {logging_mixin.py:188} INFO - [2024-06-02T23:56:37.470+0000] {dag.py:3954} INFO - Setting next_dagrun for AAAA to None, run_after=None
[2024-06-02T23:56:37.578+0000] {processor.py:183} INFO - Processing /opt/airflow/dags/etl.py took 0.334 seconds
[2024-06-02T23:57:10.150+0000] {processor.py:161} INFO - Started process (PID=11337) to work on /opt/airflow/dags/etl.py
[2024-06-02T23:57:10.369+0000] {processor.py:830} INFO - Processing file /opt/airflow/dags/etl.py for tasks to queue
[2024-06-02T23:57:10.375+0000] {logging_mixin.py:188} INFO - [2024-06-02T23:57:10.375+0000] {dagbag.py:545} INFO - Filling up the DagBag from /opt/airflow/dags/etl.py
[2024-06-02T23:57:10.464+0000] {processor.py:840} INFO - DAG(s) 'AAAA' retrieved from /opt/airflow/dags/etl.py
[2024-06-02T23:57:10.601+0000] {logging_mixin.py:188} INFO - [2024-06-02T23:57:10.600+0000] {dag.py:3096} INFO - Sync 1 DAGs
[2024-06-02T23:57:10.681+0000] {logging_mixin.py:188} INFO - [2024-06-02T23:57:10.680+0000] {dag.py:3954} INFO - Setting next_dagrun for AAAA to None, run_after=None
[2024-06-02T23:57:10.868+0000] {processor.py:183} INFO - Processing /opt/airflow/dags/etl.py took 0.858 seconds
[2024-06-02T23:57:42.009+0000] {processor.py:161} INFO - Started process (PID=11398) to work on /opt/airflow/dags/etl.py
[2024-06-02T23:57:42.055+0000] {processor.py:830} INFO - Processing file /opt/airflow/dags/etl.py for tasks to queue
[2024-06-02T23:57:42.113+0000] {logging_mixin.py:188} INFO - [2024-06-02T23:57:42.112+0000] {dagbag.py:545} INFO - Filling up the DagBag from /opt/airflow/dags/etl.py
[2024-06-02T23:57:42.347+0000] {processor.py:840} INFO - DAG(s) 'AAAA' retrieved from /opt/airflow/dags/etl.py
[2024-06-02T23:57:42.468+0000] {logging_mixin.py:188} INFO - [2024-06-02T23:57:42.467+0000] {dag.py:3096} INFO - Sync 1 DAGs
[2024-06-02T23:57:42.591+0000] {logging_mixin.py:188} INFO - [2024-06-02T23:57:42.591+0000] {dag.py:3954} INFO - Setting next_dagrun for AAAA to None, run_after=None
[2024-06-02T23:57:42.857+0000] {processor.py:183} INFO - Processing /opt/airflow/dags/etl.py took 0.885 seconds
[2024-06-02T23:58:14.031+0000] {processor.py:161} INFO - Started process (PID=11440) to work on /opt/airflow/dags/etl.py
[2024-06-02T23:58:14.067+0000] {processor.py:830} INFO - Processing file /opt/airflow/dags/etl.py for tasks to queue
[2024-06-02T23:58:14.098+0000] {logging_mixin.py:188} INFO - [2024-06-02T23:58:14.097+0000] {dagbag.py:545} INFO - Filling up the DagBag from /opt/airflow/dags/etl.py
[2024-06-02T23:58:14.380+0000] {processor.py:840} INFO - DAG(s) 'AAAA' retrieved from /opt/airflow/dags/etl.py
[2024-06-02T23:58:14.638+0000] {logging_mixin.py:188} INFO - [2024-06-02T23:58:14.637+0000] {dag.py:3096} INFO - Sync 1 DAGs
[2024-06-02T23:58:14.861+0000] {logging_mixin.py:188} INFO - [2024-06-02T23:58:14.861+0000] {dag.py:3954} INFO - Setting next_dagrun for AAAA to None, run_after=None
[2024-06-02T23:58:15.440+0000] {processor.py:183} INFO - Processing /opt/airflow/dags/etl.py took 1.472 seconds
